[1.025s] Invoking command in '/home/laheckaf/ros2_ws/src/jetson_detection': CONDA_PROMPT_MODIFIER=(base) PYTHONPATH=/home/laheckaf/ros2_ws/build/jetson_detection/prefix_override:/usr/lib/python3/dist-packages/colcon_core/task/python/colcon_distutils_commands:/home/laheckaf/ros2_ws/install/jetson_detection/lib/python3.10/site-packages:${PYTHONPATH} /usr/bin/python3 -W ignore:setup.py install is deprecated -W ignore:easy_install command is deprecated setup.py egg_info --egg-base ../../build/jetson_detection build --build-base /home/laheckaf/ros2_ws/build/jetson_detection/build install --record /home/laheckaf/ros2_ws/build/jetson_detection/install.log --single-version-externally-managed install_data
[1.421s] running egg_info
[1.422s] creating ../../build/jetson_detection/jetson_detection.egg-info
[1.422s] writing ../../build/jetson_detection/jetson_detection.egg-info/PKG-INFO
[1.423s] writing dependency_links to ../../build/jetson_detection/jetson_detection.egg-info/dependency_links.txt
[1.423s] writing entry points to ../../build/jetson_detection/jetson_detection.egg-info/entry_points.txt
[1.423s] writing requirements to ../../build/jetson_detection/jetson_detection.egg-info/requires.txt
[1.423s] writing top-level names to ../../build/jetson_detection/jetson_detection.egg-info/top_level.txt
[1.424s] writing manifest file '../../build/jetson_detection/jetson_detection.egg-info/SOURCES.txt'
[1.426s] reading manifest file '../../build/jetson_detection/jetson_detection.egg-info/SOURCES.txt'
[1.427s] writing manifest file '../../build/jetson_detection/jetson_detection.egg-info/SOURCES.txt'
[1.428s] running build
[1.428s] running build_py
[1.428s] creating /home/laheckaf/ros2_ws/build/jetson_detection/build
[1.428s] creating /home/laheckaf/ros2_ws/build/jetson_detection/build/lib
[1.428s] creating /home/laheckaf/ros2_ws/build/jetson_detection/build/lib/jetson_detection
[1.428s] copying jetson_detection/camera_yolo_node.py -> /home/laheckaf/ros2_ws/build/jetson_detection/build/lib/jetson_detection
[1.428s] copying jetson_detection/__init__.py -> /home/laheckaf/ros2_ws/build/jetson_detection/build/lib/jetson_detection
[1.429s] running install
[1.429s] running install_lib
[1.430s] creating /home/laheckaf/ros2_ws/install/jetson_detection/lib/python3.10/site-packages/jetson_detection
[1.431s] copying /home/laheckaf/ros2_ws/build/jetson_detection/build/lib/jetson_detection/camera_yolo_node.py -> /home/laheckaf/ros2_ws/install/jetson_detection/lib/python3.10/site-packages/jetson_detection
[1.431s] copying /home/laheckaf/ros2_ws/build/jetson_detection/build/lib/jetson_detection/__init__.py -> /home/laheckaf/ros2_ws/install/jetson_detection/lib/python3.10/site-packages/jetson_detection
[1.432s] byte-compiling /home/laheckaf/ros2_ws/install/jetson_detection/lib/python3.10/site-packages/jetson_detection/camera_yolo_node.py to camera_yolo_node.cpython-310.pyc
[1.433s] byte-compiling /home/laheckaf/ros2_ws/install/jetson_detection/lib/python3.10/site-packages/jetson_detection/__init__.py to __init__.cpython-310.pyc
[1.433s] running install_data
[1.434s] creating /home/laheckaf/ros2_ws/install/jetson_detection/share/ament_index
[1.434s] creating /home/laheckaf/ros2_ws/install/jetson_detection/share/ament_index/resource_index
[1.434s] creating /home/laheckaf/ros2_ws/install/jetson_detection/share/ament_index/resource_index/packages
[1.434s] copying resource/jetson_detection -> /home/laheckaf/ros2_ws/install/jetson_detection/share/ament_index/resource_index/packages
[1.434s] copying package.xml -> /home/laheckaf/ros2_ws/install/jetson_detection/share/jetson_detection
[1.434s] running install_egg_info
[1.437s] Copying ../../build/jetson_detection/jetson_detection.egg-info to /home/laheckaf/ros2_ws/install/jetson_detection/lib/python3.10/site-packages/jetson_detection-0.0.0-py3.10.egg-info
[1.439s] running install_scripts
[1.473s] Installing camera_yolo_node script to /home/laheckaf/ros2_ws/install/jetson_detection/lib/jetson_detection
[1.474s] writing list of installed files to '/home/laheckaf/ros2_ws/build/jetson_detection/install.log'
[1.524s] Invoked command in '/home/laheckaf/ros2_ws/src/jetson_detection' returned '0': CONDA_PROMPT_MODIFIER=(base) PYTHONPATH=/home/laheckaf/ros2_ws/build/jetson_detection/prefix_override:/usr/lib/python3/dist-packages/colcon_core/task/python/colcon_distutils_commands:/home/laheckaf/ros2_ws/install/jetson_detection/lib/python3.10/site-packages:${PYTHONPATH} /usr/bin/python3 -W ignore:setup.py install is deprecated -W ignore:easy_install command is deprecated setup.py egg_info --egg-base ../../build/jetson_detection build --build-base /home/laheckaf/ros2_ws/build/jetson_detection/build install --record /home/laheckaf/ros2_ws/build/jetson_detection/install.log --single-version-externally-managed install_data
