[0.018s] Invoking command in '/home/laheckaf/ros2_ws/build/ldlidar_stl_ros2': CMAKE_PREFIX_PATH=/opt/ros/humble /usr/bin/cmake /home/laheckaf/ros2_ws/src/ldlidar_stl_ros2 -DCMAKE_INSTALL_PREFIX=/home/laheckaf/ros2_ws/install/ldlidar_stl_ros2
[0.145s] -- The C compiler identification is GNU 11.4.0
[0.259s] -- The CXX compiler identification is GNU 11.4.0
[0.278s] -- Detecting C compiler ABI info
[0.403s] -- Detecting C compiler ABI info - done
[0.428s] -- Check for working C compiler: /usr/bin/cc - skipped
[0.429s] -- Detecting C compile features
[0.431s] -- Detecting C compile features - done
[0.439s] -- Detecting CXX compiler ABI info
[0.584s] -- Detecting CXX compiler ABI info - done
[0.603s] -- Check for working CXX compiler: /usr/bin/c++ - skipped
[0.603s] -- Detecting CXX compile features
[0.604s] -- Detecting CXX compile features - done
[0.621s] -- Found ament_cmake: 1.3.12 (/opt/ros/humble/share/ament_cmake/cmake)
[0.933s] -- Found Python3: /usr/bin/python3 (found version "3.10.12") found components: Interpreter 
[1.132s] -- Found rclcpp: 16.0.17 (/opt/ros/humble/share/rclcpp/cmake)
[1.218s] -- Found rosidl_generator_c: 3.1.8 (/opt/ros/humble/share/rosidl_generator_c/cmake)
[1.228s] -- Found rosidl_adapter: 3.1.8 (/opt/ros/humble/share/rosidl_adapter/cmake)
[1.246s] -- Found rosidl_generator_cpp: 3.1.8 (/opt/ros/humble/share/rosidl_generator_cpp/cmake)
[1.271s] -- Using all available rosidl_typesupport_c: rosidl_typesupport_fastrtps_c;rosidl_typesupport_introspection_c
[1.301s] -- Using all available rosidl_typesupport_cpp: rosidl_typesupport_fastrtps_cpp;rosidl_typesupport_introspection_cpp
[1.388s] -- Found rmw_implementation_cmake: 6.1.2 (/opt/ros/humble/share/rmw_implementation_cmake/cmake)
[1.393s] -- Found rmw_fastrtps_cpp: 6.2.9 (/opt/ros/humble/share/rmw_fastrtps_cpp/cmake)
[1.547s] -- Found OpenSSL: /usr/lib/aarch64-linux-gnu/libcrypto.so (found version "3.0.2")  
[1.598s] -- Found FastRTPS: /opt/ros/humble/include  
[1.668s] -- Using RMW implementation 'rmw_fastrtps_cpp' as default
[1.683s] -- Looking for pthread.h
[1.821s] -- Looking for pthread.h - found
[1.821s] -- Performing Test CMAKE_HAVE_LIBC_PTHREAD
[1.960s] -- Performing Test CMAKE_HAVE_LIBC_PTHREAD - Success
[1.965s] -- Found Threads: TRUE  
[2.129s] -- Found sensor_msgs: 4.9.0 (/opt/ros/humble/share/sensor_msgs/cmake)
[2.196s] -- Found ament_lint_auto: 0.12.14 (/opt/ros/humble/share/ament_lint_auto/cmake)
[2.370s] -- Added test 'copyright' to check source files copyright and LICENSE
[2.379s] -- Added test 'cppcheck' to perform static code analysis on C / C++ code
[2.381s] -- Configured cppcheck include dirs: /home/laheckaf/ros2_ws/src/ldlidar_stl_ros2/include;/home/laheckaf/ros2_ws/src/ldlidar_stl_ros2/ldlidar_driver/include/core;/home/laheckaf/ros2_ws/src/ldlidar_stl_ros2/ldlidar_driver/include/dataprocess;/home/laheckaf/ros2_ws/src/ldlidar_stl_ros2/ldlidar_driver/include/filter;/home/laheckaf/ros2_ws/src/ldlidar_stl_ros2/ldlidar_driver/include/logger;/home/laheckaf/ros2_ws/src/ldlidar_stl_ros2/ldlidar_driver/include/networkcom;/home/laheckaf/ros2_ws/src/ldlidar_stl_ros2/ldlidar_driver/include/serialcom
[2.381s] -- Configured cppcheck exclude dirs and/or files: 
[2.390s] -- Added test 'cpplint' to check C / C++ code against the Google style
[2.390s] -- Configured cpplint exclude dirs and/or files: 
[2.393s] -- Added test 'flake8' to check Python code syntax and style conventions
[2.396s] -- Added test 'lint_cmake' to check CMake code style
[2.398s] -- Added test 'pep257' to check Python code against some of the docstring style conventions in PEP 257
[2.407s] -- Added test 'uncrustify' to check C / C++ code style
[2.407s] -- Configured uncrustify additional arguments: 
[2.409s] -- Added test 'xmllint' to check XML markup files
[2.412s] -- Configuring done
[2.436s] -- Generating done
[2.446s] -- Build files have been written to: /home/laheckaf/ros2_ws/build/ldlidar_stl_ros2
[2.481s] Invoked command in '/home/laheckaf/ros2_ws/build/ldlidar_stl_ros2' returned '0': CMAKE_PREFIX_PATH=/opt/ros/humble /usr/bin/cmake /home/laheckaf/ros2_ws/src/ldlidar_stl_ros2 -DCMAKE_INSTALL_PREFIX=/home/laheckaf/ros2_ws/install/ldlidar_stl_ros2
[2.483s] Invoking command in '/home/laheckaf/ros2_ws/build/ldlidar_stl_ros2': CMAKE_PREFIX_PATH=/opt/ros/humble /usr/bin/cmake --build /home/laheckaf/ros2_ws/build/ldlidar_stl_ros2 -- -j6 -l6
[2.577s] [ 25%] [32mBuilding CXX object CMakeFiles/ldlidar_stl_ros2_node.dir/src/demo.cpp.o[0m
[2.579s] [ 37%] [32mBuilding CXX object CMakeFiles/ldlidar_stl_ros2_node.dir/ldlidar_driver/src/filter/tofbf.cpp.o[0m
[2.583s] [ 25%] [32mBuilding CXX object CMakeFiles/ldlidar_stl_ros2_node.dir/ldlidar_driver/src/core/ldlidar_driver.cpp.o[0m
[2.583s] [ 50%] [32mBuilding CXX object CMakeFiles/ldlidar_stl_ros2_node.dir/ldlidar_driver/src/dataprocess/lipkg.cpp.o[0m
[2.586s] [ 62%] [32mBuilding CXX object CMakeFiles/ldlidar_stl_ros2_node.dir/ldlidar_driver/src/logger/log_module.cpp.o[0m
[2.597s] [ 75%] [32mBuilding CXX object CMakeFiles/ldlidar_stl_ros2_node.dir/ldlidar_driver/src/networkcom/network_socket_interface_linux.cpp.o[0m
[3.428s] [ 87%] [32mBuilding CXX object CMakeFiles/ldlidar_stl_ros2_node.dir/ldlidar_driver/src/serialcom/serial_interface_linux.cpp.o[0m
[12.042s] [100%] [32m[1mLinking CXX executable ldlidar_stl_ros2_node[0m
[12.449s] [100%] Built target ldlidar_stl_ros2_node
[12.472s] Invoked command in '/home/laheckaf/ros2_ws/build/ldlidar_stl_ros2' returned '0': CMAKE_PREFIX_PATH=/opt/ros/humble /usr/bin/cmake --build /home/laheckaf/ros2_ws/build/ldlidar_stl_ros2 -- -j6 -l6
[12.490s] Invoking command in '/home/laheckaf/ros2_ws/build/ldlidar_stl_ros2': CMAKE_PREFIX_PATH=/opt/ros/humble /usr/bin/cmake --install /home/laheckaf/ros2_ws/build/ldlidar_stl_ros2
[12.506s] -- Install configuration: ""
[12.506s] -- Installing: /home/laheckaf/ros2_ws/install/ldlidar_stl_ros2/lib/ldlidar_stl_ros2/ldlidar_stl_ros2_node
[12.510s] -- Set runtime path of "/home/laheckaf/ros2_ws/install/ldlidar_stl_ros2/lib/ldlidar_stl_ros2/ldlidar_stl_ros2_node" to ""
[12.510s] -- Installing: /home/laheckaf/ros2_ws/install/ldlidar_stl_ros2/share/ldlidar_stl_ros2//launch
[12.510s] -- Installing: /home/laheckaf/ros2_ws/install/ldlidar_stl_ros2/share/ldlidar_stl_ros2//launch/ld06.launch.py
[12.510s] -- Installing: /home/laheckaf/ros2_ws/install/ldlidar_stl_ros2/share/ldlidar_stl_ros2//launch/viewer_ld19.launch.py
[12.511s] -- Installing: /home/laheckaf/ros2_ws/install/ldlidar_stl_ros2/share/ldlidar_stl_ros2//launch/viewer_stl27l.launch.py
[12.511s] -- Installing: /home/laheckaf/ros2_ws/install/ldlidar_stl_ros2/share/ldlidar_stl_ros2//launch/viewer_ld06.launch.py
[12.511s] -- Installing: /home/laheckaf/ros2_ws/install/ldlidar_stl_ros2/share/ldlidar_stl_ros2//launch/stl27l.launch.py
[12.511s] -- Installing: /home/laheckaf/ros2_ws/install/ldlidar_stl_ros2/share/ldlidar_stl_ros2//launch/ld19.launch.py
[12.511s] -- Installing: /home/laheckaf/ros2_ws/install/ldlidar_stl_ros2/share/ldlidar_stl_ros2//rviz2
[12.511s] -- Installing: /home/laheckaf/ros2_ws/install/ldlidar_stl_ros2/share/ldlidar_stl_ros2//rviz2/ldlidar.rviz
[12.512s] -- Installing: /home/laheckaf/ros2_ws/install/ldlidar_stl_ros2/share/ament_index/resource_index/package_run_dependencies/ldlidar_stl_ros2
[12.512s] -- Installing: /home/laheckaf/ros2_ws/install/ldlidar_stl_ros2/share/ament_index/resource_index/parent_prefix_path/ldlidar_stl_ros2
[12.513s] -- Installing: /home/laheckaf/ros2_ws/install/ldlidar_stl_ros2/share/ldlidar_stl_ros2/environment/ament_prefix_path.sh
[12.513s] -- Installing: /home/laheckaf/ros2_ws/install/ldlidar_stl_ros2/share/ldlidar_stl_ros2/environment/ament_prefix_path.dsv
[12.513s] -- Installing: /home/laheckaf/ros2_ws/install/ldlidar_stl_ros2/share/ldlidar_stl_ros2/environment/path.sh
[12.513s] -- Installing: /home/laheckaf/ros2_ws/install/ldlidar_stl_ros2/share/ldlidar_stl_ros2/environment/path.dsv
[12.514s] -- Installing: /home/laheckaf/ros2_ws/install/ldlidar_stl_ros2/share/ldlidar_stl_ros2/local_setup.bash
[12.514s] -- Installing: /home/laheckaf/ros2_ws/install/ldlidar_stl_ros2/share/ldlidar_stl_ros2/local_setup.sh
[12.514s] -- Installing: /home/laheckaf/ros2_ws/install/ldlidar_stl_ros2/share/ldlidar_stl_ros2/local_setup.zsh
[12.514s] -- Installing: /home/laheckaf/ros2_ws/install/ldlidar_stl_ros2/share/ldlidar_stl_ros2/local_setup.dsv
[12.515s] -- Installing: /home/laheckaf/ros2_ws/install/ldlidar_stl_ros2/share/ldlidar_stl_ros2/package.dsv
[12.515s] -- Installing: /home/laheckaf/ros2_ws/install/ldlidar_stl_ros2/share/ament_index/resource_index/packages/ldlidar_stl_ros2
[12.515s] -- Installing: /home/laheckaf/ros2_ws/install/ldlidar_stl_ros2/share/ldlidar_stl_ros2/cmake/ldlidar_stl_ros2Config.cmake
[12.515s] -- Installing: /home/laheckaf/ros2_ws/install/ldlidar_stl_ros2/share/ldlidar_stl_ros2/cmake/ldlidar_stl_ros2Config-version.cmake
[12.516s] -- Installing: /home/laheckaf/ros2_ws/install/ldlidar_stl_ros2/share/ldlidar_stl_ros2/package.xml
[12.521s] Invoked command in '/home/laheckaf/ros2_ws/build/ldlidar_stl_ros2' returned '0': CMAKE_PREFIX_PATH=/opt/ros/humble /usr/bin/cmake --install /home/laheckaf/ros2_ws/build/ldlidar_stl_ros2
