/home/laheckaf/ros2_ws/install/jetson_detection/lib/python3.10/site-packages/jetson_detection/viewer_node.py
/home/laheckaf/ros2_ws/install/jetson_detection/lib/python3.10/site-packages/jetson_detection/imu_node.py
/home/laheckaf/ros2_ws/install/jetson_detection/lib/python3.10/site-packages/jetson_detection/camera_yolo_node.py
/home/laheckaf/ros2_ws/install/jetson_detection/lib/python3.10/site-packages/jetson_detection/__init__.py
/home/laheckaf/ros2_ws/install/jetson_detection/lib/python3.10/site-packages/jetson_detection/fusion_node.py
/home/laheckaf/ros2_ws/install/jetson_detection/lib/python3.10/site-packages/jetson_detection/__pycache__/viewer_node.cpython-310.pyc
/home/laheckaf/ros2_ws/install/jetson_detection/lib/python3.10/site-packages/jetson_detection/__pycache__/imu_node.cpython-310.pyc
/home/laheckaf/ros2_ws/install/jetson_detection/lib/python3.10/site-packages/jetson_detection/__pycache__/camera_yolo_node.cpython-310.pyc
/home/laheckaf/ros2_ws/install/jetson_detection/lib/python3.10/site-packages/jetson_detection/__pycache__/__init__.cpython-310.pyc
/home/laheckaf/ros2_ws/install/jetson_detection/lib/python3.10/site-packages/jetson_detection/__pycache__/fusion_node.cpython-310.pyc
/home/laheckaf/ros2_ws/install/jetson_detection/share/ament_index/resource_index/packages/jetson_detection
/home/laheckaf/ros2_ws/install/jetson_detection/share/jetson_detection/package.xml
/home/laheckaf/ros2_ws/install/jetson_detection/share/jetson_detection/launch/fusion.launch.py
/home/laheckaf/ros2_ws/install/jetson_detection/lib/python3.10/site-packages/jetson_detection-0.0.0-py3.10.egg-info/dependency_links.txt
/home/laheckaf/ros2_ws/install/jetson_detection/lib/python3.10/site-packages/jetson_detection-0.0.0-py3.10.egg-info/requires.txt
/home/laheckaf/ros2_ws/install/jetson_detection/lib/python3.10/site-packages/jetson_detection-0.0.0-py3.10.egg-info/entry_points.txt
/home/laheckaf/ros2_ws/install/jetson_detection/lib/python3.10/site-packages/jetson_detection-0.0.0-py3.10.egg-info/zip-safe
/home/laheckaf/ros2_ws/install/jetson_detection/lib/python3.10/site-packages/jetson_detection-0.0.0-py3.10.egg-info/top_level.txt
/home/laheckaf/ros2_ws/install/jetson_detection/lib/python3.10/site-packages/jetson_detection-0.0.0-py3.10.egg-info/PKG-INFO
/home/laheckaf/ros2_ws/install/jetson_detection/lib/python3.10/site-packages/jetson_detection-0.0.0-py3.10.egg-info/SOURCES.txt
/home/laheckaf/ros2_ws/install/jetson_detection/lib/jetson_detection/camera_yolo_node
/home/laheckaf/ros2_ws/install/jetson_detection/lib/jetson_detection/fusion_node
/home/laheckaf/ros2_ws/install/jetson_detection/lib/jetson_detection/imu_node
/home/laheckaf/ros2_ws/install/jetson_detection/lib/jetson_detection/viewer_node
