[1.190s] Invoking command in '/home/laheckaf/ros2_ws/src/ebimu_driver': PYTHONPATH=/home/laheckaf/ros2_ws/build/ebimu_driver/prefix_override:/usr/lib/python3/dist-packages/colcon_core/task/python/colcon_distutils_commands:/home/laheckaf/ros2_ws/install/ebimu_driver/lib/python3.10/site-packages:${PYTHONPATH} /usr/bin/python3 -W ignore:setup.py install is deprecated -W ignore:easy_install command is deprecated setup.py egg_info --egg-base ../../build/ebimu_driver build --build-base /home/laheckaf/ros2_ws/build/ebimu_driver/build install --record /home/laheckaf/ros2_ws/build/ebimu_driver/install.log --single-version-externally-managed install_data
[1.630s] running egg_info
[1.631s] creating ../../build/ebimu_driver/ebimu_driver.egg-info
[1.631s] writing ../../build/ebimu_driver/ebimu_driver.egg-info/PKG-INFO
[1.632s] writing dependency_links to ../../build/ebimu_driver/ebimu_driver.egg-info/dependency_links.txt
[1.632s] writing entry points to ../../build/ebimu_driver/ebimu_driver.egg-info/entry_points.txt
[1.633s] writing requirements to ../../build/ebimu_driver/ebimu_driver.egg-info/requires.txt
[1.633s] writing top-level names to ../../build/ebimu_driver/ebimu_driver.egg-info/top_level.txt
[1.633s] writing manifest file '../../build/ebimu_driver/ebimu_driver.egg-info/SOURCES.txt'
[1.636s] reading manifest file '../../build/ebimu_driver/ebimu_driver.egg-info/SOURCES.txt'
[1.637s] writing manifest file '../../build/ebimu_driver/ebimu_driver.egg-info/SOURCES.txt'
[1.638s] running build
[1.638s] running build_py
[1.639s] creating /home/laheckaf/ros2_ws/build/ebimu_driver/build
[1.639s] creating /home/laheckaf/ros2_ws/build/ebimu_driver/build/lib
[1.639s] creating /home/laheckaf/ros2_ws/build/ebimu_driver/build/lib/ebimu_driver
[1.639s] copying ebimu_driver/__init__.py -> /home/laheckaf/ros2_ws/build/ebimu_driver/build/lib/ebimu_driver
[1.639s] copying ebimu_driver/imu_publisher.py -> /home/laheckaf/ros2_ws/build/ebimu_driver/build/lib/ebimu_driver
[1.639s] running install
[1.640s] running install_lib
[1.640s] creating /home/laheckaf/ros2_ws/install/ebimu_driver/lib/python3.10/site-packages/ebimu_driver
[1.641s] copying /home/laheckaf/ros2_ws/build/ebimu_driver/build/lib/ebimu_driver/__init__.py -> /home/laheckaf/ros2_ws/install/ebimu_driver/lib/python3.10/site-packages/ebimu_driver
[1.641s] copying /home/laheckaf/ros2_ws/build/ebimu_driver/build/lib/ebimu_driver/imu_publisher.py -> /home/laheckaf/ros2_ws/install/ebimu_driver/lib/python3.10/site-packages/ebimu_driver
[1.642s] byte-compiling /home/laheckaf/ros2_ws/install/ebimu_driver/lib/python3.10/site-packages/ebimu_driver/__init__.py to __init__.cpython-310.pyc
[1.643s] byte-compiling /home/laheckaf/ros2_ws/install/ebimu_driver/lib/python3.10/site-packages/ebimu_driver/imu_publisher.py to imu_publisher.cpython-310.pyc
[1.644s] running install_data
[1.644s] creating /home/laheckaf/ros2_ws/install/ebimu_driver/share/ament_index
[1.644s] creating /home/laheckaf/ros2_ws/install/ebimu_driver/share/ament_index/resource_index
[1.645s] creating /home/laheckaf/ros2_ws/install/ebimu_driver/share/ament_index/resource_index/packages
[1.645s] copying resource/ebimu_driver -> /home/laheckaf/ros2_ws/install/ebimu_driver/share/ament_index/resource_index/packages
[1.645s] copying package.xml -> /home/laheckaf/ros2_ws/install/ebimu_driver/share/ebimu_driver
[1.645s] running install_egg_info
[1.650s] Copying ../../build/ebimu_driver/ebimu_driver.egg-info to /home/laheckaf/ros2_ws/install/ebimu_driver/lib/python3.10/site-packages/ebimu_driver-0.0.0-py3.10.egg-info
[1.652s] running install_scripts
[1.690s] Installing imu_publisher script to /home/laheckaf/ros2_ws/install/ebimu_driver/lib/ebimu_driver
[1.690s] writing list of installed files to '/home/laheckaf/ros2_ws/build/ebimu_driver/install.log'
[1.754s] Invoked command in '/home/laheckaf/ros2_ws/src/ebimu_driver' returned '0': PYTHONPATH=/home/laheckaf/ros2_ws/build/ebimu_driver/prefix_override:/usr/lib/python3/dist-packages/colcon_core/task/python/colcon_distutils_commands:/home/laheckaf/ros2_ws/install/ebimu_driver/lib/python3.10/site-packages:${PYTHONPATH} /usr/bin/python3 -W ignore:setup.py install is deprecated -W ignore:easy_install command is deprecated setup.py egg_info --egg-base ../../build/ebimu_driver build --build-base /home/laheckaf/ros2_ws/build/ebimu_driver/build install --record /home/laheckaf/ros2_ws/build/ebimu_driver/install.log --single-version-externally-managed install_data
