[1.071s] Invoking command in '/home/laheckaf/ros2_ws/build/jetson_detection': PYTHONPATH=/home/laheckaf/ros2_ws/build/jetson_detection/prefix_override:/usr/lib/python3/dist-packages/colcon_core/task/python/colcon_distutils_commands:/home/laheckaf/ros2_ws/install/jetson_detection/lib/python3.10/site-packages:${PYTHONPATH} /usr/bin/python3 -W ignore:setup.py install is deprecated -W ignore:easy_install command is deprecated setup.py develop --uninstall --editable --build-directory /home/laheckaf/ros2_ws/build/jetson_detection/build
[1.529s] running develop
[1.816s] Removing /home/laheckaf/ros2_ws/install/jetson_detection/lib/python3.10/site-packages/jetson-detection.egg-link (link to .)
[1.879s] Invoked command in '/home/laheckaf/ros2_ws/build/jetson_detection' returned '0': PYTHONPATH=/home/laheckaf/ros2_ws/build/jetson_detection/prefix_override:/usr/lib/python3/dist-packages/colcon_core/task/python/colcon_distutils_commands:/home/laheckaf/ros2_ws/install/jetson_detection/lib/python3.10/site-packages:${PYTHONPATH} /usr/bin/python3 -W ignore:setup.py install is deprecated -W ignore:easy_install command is deprecated setup.py develop --uninstall --editable --build-directory /home/laheckaf/ros2_ws/build/jetson_detection/build
[1.882s] Invoking command in '/home/laheckaf/ros2_ws/src/jetson_detection': PYTHONPATH=/home/laheckaf/ros2_ws/build/jetson_detection/prefix_override:/usr/lib/python3/dist-packages/colcon_core/task/python/colcon_distutils_commands:/home/laheckaf/ros2_ws/install/jetson_detection/lib/python3.10/site-packages:${PYTHONPATH} /usr/bin/python3 -W ignore:setup.py install is deprecated -W ignore:easy_install command is deprecated setup.py egg_info --egg-base ../../build/jetson_detection build --build-base /home/laheckaf/ros2_ws/build/jetson_detection/build install --record /home/laheckaf/ros2_ws/build/jetson_detection/install.log --single-version-externally-managed install_data --force
[2.296s] running egg_info
[2.297s] writing ../../build/jetson_detection/jetson_detection.egg-info/PKG-INFO
[2.298s] writing dependency_links to ../../build/jetson_detection/jetson_detection.egg-info/dependency_links.txt
[2.298s] writing entry points to ../../build/jetson_detection/jetson_detection.egg-info/entry_points.txt
[2.299s] writing requirements to ../../build/jetson_detection/jetson_detection.egg-info/requires.txt
[2.299s] writing top-level names to ../../build/jetson_detection/jetson_detection.egg-info/top_level.txt
[2.302s] reading manifest file '../../build/jetson_detection/jetson_detection.egg-info/SOURCES.txt'
[2.306s] writing manifest file '../../build/jetson_detection/jetson_detection.egg-info/SOURCES.txt'
[2.306s] running build
[2.306s] running build_py
[2.307s] copying jetson_detection/imu_node.py -> /home/laheckaf/ros2_ws/build/jetson_detection/build/lib/jetson_detection
[2.307s] copying jetson_detection/camera_yolo_node.py -> /home/laheckaf/ros2_ws/build/jetson_detection/build/lib/jetson_detection
[2.308s] running install
[2.308s] running install_lib
[2.309s] creating /home/laheckaf/ros2_ws/install/jetson_detection/lib/python3.10/site-packages/jetson_detection
[2.310s] copying /home/laheckaf/ros2_ws/build/jetson_detection/build/lib/jetson_detection/viewer_node.py -> /home/laheckaf/ros2_ws/install/jetson_detection/lib/python3.10/site-packages/jetson_detection
[2.310s] copying /home/laheckaf/ros2_ws/build/jetson_detection/build/lib/jetson_detection/imu_node.py -> /home/laheckaf/ros2_ws/install/jetson_detection/lib/python3.10/site-packages/jetson_detection
[2.310s] copying /home/laheckaf/ros2_ws/build/jetson_detection/build/lib/jetson_detection/camera_yolo_node.py -> /home/laheckaf/ros2_ws/install/jetson_detection/lib/python3.10/site-packages/jetson_detection
[2.310s] copying /home/laheckaf/ros2_ws/build/jetson_detection/build/lib/jetson_detection/__init__.py -> /home/laheckaf/ros2_ws/install/jetson_detection/lib/python3.10/site-packages/jetson_detection
[2.311s] byte-compiling /home/laheckaf/ros2_ws/install/jetson_detection/lib/python3.10/site-packages/jetson_detection/viewer_node.py to viewer_node.cpython-310.pyc
[2.313s] byte-compiling /home/laheckaf/ros2_ws/install/jetson_detection/lib/python3.10/site-packages/jetson_detection/imu_node.py to imu_node.cpython-310.pyc
[2.314s] byte-compiling /home/laheckaf/ros2_ws/install/jetson_detection/lib/python3.10/site-packages/jetson_detection/camera_yolo_node.py to camera_yolo_node.cpython-310.pyc
[2.315s] byte-compiling /home/laheckaf/ros2_ws/install/jetson_detection/lib/python3.10/site-packages/jetson_detection/__init__.py to __init__.cpython-310.pyc
[2.315s] running install_data
[2.315s] copying resource/jetson_detection -> /home/laheckaf/ros2_ws/install/jetson_detection/share/ament_index/resource_index/packages
[2.316s] copying package.xml -> /home/laheckaf/ros2_ws/install/jetson_detection/share/jetson_detection
[2.316s] running install_egg_info
[2.321s] Copying ../../build/jetson_detection/jetson_detection.egg-info to /home/laheckaf/ros2_ws/install/jetson_detection/lib/python3.10/site-packages/jetson_detection-0.0.0-py3.10.egg-info
[2.323s] running install_scripts
[2.358s] Installing camera_yolo_node script to /home/laheckaf/ros2_ws/install/jetson_detection/lib/jetson_detection
[2.358s] Installing imu_node script to /home/laheckaf/ros2_ws/install/jetson_detection/lib/jetson_detection
[2.358s] Installing viewer_node script to /home/laheckaf/ros2_ws/install/jetson_detection/lib/jetson_detection
[2.359s] writing list of installed files to '/home/laheckaf/ros2_ws/build/jetson_detection/install.log'
[2.416s] Invoked command in '/home/laheckaf/ros2_ws/src/jetson_detection' returned '0': PYTHONPATH=/home/laheckaf/ros2_ws/build/jetson_detection/prefix_override:/usr/lib/python3/dist-packages/colcon_core/task/python/colcon_distutils_commands:/home/laheckaf/ros2_ws/install/jetson_detection/lib/python3.10/site-packages:${PYTHONPATH} /usr/bin/python3 -W ignore:setup.py install is deprecated -W ignore:easy_install command is deprecated setup.py egg_info --egg-base ../../build/jetson_detection build --build-base /home/laheckaf/ros2_ws/build/jetson_detection/build install --record /home/laheckaf/ros2_ws/build/jetson_detection/install.log --single-version-externally-managed install_data --force
