[0.025s] Invoking command in '/home/laheckaf/ros2_ws/build/ldlidar_component': CMAKE_PREFIX_PATH=${CMAKE_PREFIX_PATH}:/home/laheckaf/ros2_ws/install/jetson_detection:/opt/ros/humble /usr/bin/cmake /home/laheckaf/ros2_ws/src/ldrobot-lidar-ros2/ldlidar_component -DCMAKE_BUILD_TYPE=Release -DAMENT_CMAKE_SYMLINK_INSTALL=1 -DCMAKE_INSTALL_PREFIX=/home/laheckaf/ros2_ws/install/ldlidar_component
[0.052s] --  * Release Mode
[0.053s] -- * Found ROS2 humble
[0.053s] -- * ROS2 humble is officially supported by this package.
[0.053s] -- Found ament_cmake: 1.3.12 (/opt/ros/humble/share/ament_cmake/cmake)
[0.295s] -- Override CMake install command with custom implementation using symlinks instead of copying resources
[0.307s] -- Found rclcpp_lifecycle: 16.0.17 (/opt/ros/humble/share/rclcpp_lifecycle/cmake)
[0.359s] -- Found rosidl_generator_c: 3.1.8 (/opt/ros/humble/share/rosidl_generator_c/cmake)
[0.363s] -- Found rosidl_adapter: 3.1.8 (/opt/ros/humble/share/rosidl_adapter/cmake)
[0.373s] -- Found rosidl_generator_cpp: 3.1.8 (/opt/ros/humble/share/rosidl_generator_cpp/cmake)
[0.389s] -- Using all available rosidl_typesupport_c: rosidl_typesupport_fastrtps_c;rosidl_typesupport_introspection_c
[0.411s] -- Using all available rosidl_typesupport_cpp: rosidl_typesupport_fastrtps_cpp;rosidl_typesupport_introspection_cpp
[0.465s] -- Found rmw_implementation_cmake: 6.1.2 (/opt/ros/humble/share/rmw_implementation_cmake/cmake)
[0.467s] -- Found rmw_fastrtps_cpp: 6.2.9 (/opt/ros/humble/share/rmw_fastrtps_cpp/cmake)
[0.643s] -- Using RMW implementation 'rmw_fastrtps_cpp' as default
[0.751s] -- Found rclcpp_components: 16.0.17 (/opt/ros/humble/share/rclcpp_components/cmake)
[0.798s] [31mCMake Error at CMakeLists.txt:105 (find_package):
[0.798s]   By not providing "Findnav2_util.cmake" in CMAKE_MODULE_PATH this project
[0.798s]   has asked CMake to find a package configuration file provided by
[0.799s]   "nav2_util", but CMake did not find one.
[0.799s] 
[0.799s]   Could not find a package configuration file provided by "nav2_util" with
[0.799s]   any of the following names:
[0.799s] 
[0.799s]     nav2_utilConfig.cmake
[0.799s]     nav2_util-config.cmake
[0.799s] 
[0.799s]   Add the installation prefix of "nav2_util" to CMAKE_PREFIX_PATH or set
[0.799s]   "nav2_util_DIR" to a directory containing one of the above files.  If
[0.800s]   "nav2_util" provides a separate development package or SDK, be sure it has
[0.800s]   been installed.
[0.800s] 
[0.800s] [0m
[0.800s] -- Configuring incomplete, errors occurred!
[0.800s] See also "/home/laheckaf/ros2_ws/build/ldlidar_component/CMakeFiles/CMakeOutput.log".
[0.818s] Invoked command in '/home/laheckaf/ros2_ws/build/ldlidar_component' returned '1': CMAKE_PREFIX_PATH=${CMAKE_PREFIX_PATH}:/home/laheckaf/ros2_ws/install/jetson_detection:/opt/ros/humble /usr/bin/cmake /home/laheckaf/ros2_ws/src/ldrobot-lidar-ros2/ldlidar_component -DCMAKE_BUILD_TYPE=Release -DAMENT_CMAKE_SYMLINK_INSTALL=1 -DCMAKE_INSTALL_PREFIX=/home/laheckaf/ros2_ws/install/ldlidar_component
