[1.180s] Invoking command in '/home/laheckaf/ros2_ws/src/jetson_detection': PYTHONPATH=/home/laheckaf/ros2_ws/build/jetson_detection/prefix_override:/usr/lib/python3/dist-packages/colcon_core/task/python/colcon_distutils_commands:/home/laheckaf/ros2_ws/install/jetson_detection/lib/python3.10/site-packages:${PYTHONPATH} /usr/bin/python3 -W ignore:setup.py install is deprecated -W ignore:easy_install command is deprecated setup.py egg_info --egg-base ../../build/jetson_detection build --build-base /home/laheckaf/ros2_ws/build/jetson_detection/build install --record /home/laheckaf/ros2_ws/build/jetson_detection/install.log --single-version-externally-managed install_data
[1.628s] running egg_info
[1.629s] writing ../../build/jetson_detection/jetson_detection.egg-info/PKG-INFO
[1.629s] writing dependency_links to ../../build/jetson_detection/jetson_detection.egg-info/dependency_links.txt
[1.630s] writing entry points to ../../build/jetson_detection/jetson_detection.egg-info/entry_points.txt
[1.630s] writing requirements to ../../build/jetson_detection/jetson_detection.egg-info/requires.txt
[1.630s] writing top-level names to ../../build/jetson_detection/jetson_detection.egg-info/top_level.txt
[1.635s] reading manifest file '../../build/jetson_detection/jetson_detection.egg-info/SOURCES.txt'
[1.636s] writing manifest file '../../build/jetson_detection/jetson_detection.egg-info/SOURCES.txt'
[1.636s] running build
[1.636s] running build_py
[1.636s] copying jetson_detection/viewer_node.py -> /home/laheckaf/ros2_ws/build/jetson_detection/build/lib/jetson_detection
[1.637s] running install
[1.638s] running install_lib
[1.640s] copying /home/laheckaf/ros2_ws/build/jetson_detection/build/lib/jetson_detection/viewer_node.py -> /home/laheckaf/ros2_ws/install/jetson_detection/lib/python3.10/site-packages/jetson_detection
[1.641s] byte-compiling /home/laheckaf/ros2_ws/install/jetson_detection/lib/python3.10/site-packages/jetson_detection/viewer_node.py to viewer_node.cpython-310.pyc
[1.643s] running install_data
[1.644s] running install_egg_info
[1.649s] removing '/home/laheckaf/ros2_ws/install/jetson_detection/lib/python3.10/site-packages/jetson_detection-0.0.0-py3.10.egg-info' (and everything under it)
[1.649s] Copying ../../build/jetson_detection/jetson_detection.egg-info to /home/laheckaf/ros2_ws/install/jetson_detection/lib/python3.10/site-packages/jetson_detection-0.0.0-py3.10.egg-info
[1.651s] running install_scripts
[1.689s] Installing camera_yolo_node script to /home/laheckaf/ros2_ws/install/jetson_detection/lib/jetson_detection
[1.690s] Installing fusion_node script to /home/laheckaf/ros2_ws/install/jetson_detection/lib/jetson_detection
[1.690s] Installing imu_node script to /home/laheckaf/ros2_ws/install/jetson_detection/lib/jetson_detection
[1.690s] Installing viewer_node script to /home/laheckaf/ros2_ws/install/jetson_detection/lib/jetson_detection
[1.691s] writing list of installed files to '/home/laheckaf/ros2_ws/build/jetson_detection/install.log'
[1.755s] Invoked command in '/home/laheckaf/ros2_ws/src/jetson_detection' returned '0': PYTHONPATH=/home/laheckaf/ros2_ws/build/jetson_detection/prefix_override:/usr/lib/python3/dist-packages/colcon_core/task/python/colcon_distutils_commands:/home/laheckaf/ros2_ws/install/jetson_detection/lib/python3.10/site-packages:${PYTHONPATH} /usr/bin/python3 -W ignore:setup.py install is deprecated -W ignore:easy_install command is deprecated setup.py egg_info --egg-base ../../build/jetson_detection build --build-base /home/laheckaf/ros2_ws/build/jetson_detection/build install --record /home/laheckaf/ros2_ws/build/jetson_detection/install.log --single-version-externally-managed install_data
