running egg_info
writing ../../build/jetson_detection/jetson_detection.egg-info/PKG-INFO
writing dependency_links to ../../build/jetson_detection/jetson_detection.egg-info/dependency_links.txt
writing entry points to ../../build/jetson_detection/jetson_detection.egg-info/entry_points.txt
writing requirements to ../../build/jetson_detection/jetson_detection.egg-info/requires.txt
writing top-level names to ../../build/jetson_detection/jetson_detection.egg-info/top_level.txt
reading manifest file '../../build/jetson_detection/jetson_detection.egg-info/SOURCES.txt'
writing manifest file '../../build/jetson_detection/jetson_detection.egg-info/SOURCES.txt'
running build
running build_py
copying jetson_detection/viewer_node.py -> /home/laheckaf/ros2_ws/build/jetson_detection/build/lib/jetson_detection
copying jetson_detection/camera_yolo_node.py -> /home/laheckaf/ros2_ws/build/jetson_detection/build/lib/jetson_detection
running install
running install_lib
copying /home/laheckaf/ros2_ws/build/jetson_detection/build/lib/jetson_detection/viewer_node.py -> /home/laheckaf/ros2_ws/install/jetson_detection/lib/python3.10/site-packages/jetson_detection
copying /home/laheckaf/ros2_ws/build/jetson_detection/build/lib/jetson_detection/camera_yolo_node.py -> /home/laheckaf/ros2_ws/install/jetson_detection/lib/python3.10/site-packages/jetson_detection
byte-compiling /home/laheckaf/ros2_ws/install/jetson_detection/lib/python3.10/site-packages/jetson_detection/viewer_node.py to viewer_node.cpython-310.pyc
byte-compiling /home/laheckaf/ros2_ws/install/jetson_detection/lib/python3.10/site-packages/jetson_detection/camera_yolo_node.py to camera_yolo_node.cpython-310.pyc
running install_data
running install_egg_info
removing '/home/laheckaf/ros2_ws/install/jetson_detection/lib/python3.10/site-packages/jetson_detection-0.0.0-py3.10.egg-info' (and everything under it)
Copying ../../build/jetson_detection/jetson_detection.egg-info to /home/laheckaf/ros2_ws/install/jetson_detection/lib/python3.10/site-packages/jetson_detection-0.0.0-py3.10.egg-info
running install_scripts
Installing camera_yolo_node script to /home/laheckaf/ros2_ws/install/jetson_detection/lib/jetson_detection
Installing fusion_node script to /home/laheckaf/ros2_ws/install/jetson_detection/lib/jetson_detection
Installing imu_node script to /home/laheckaf/ros2_ws/install/jetson_detection/lib/jetson_detection
Installing viewer_node script to /home/laheckaf/ros2_ws/install/jetson_detection/lib/jetson_detection
writing list of installed files to '/home/laheckaf/ros2_ws/build/jetson_detection/install.log'
