[1.149s] Invoking command in '/home/laheckaf/ros2_ws/src/jetson_detection': PYTHONPATH=/home/laheckaf/ros2_ws/build/jetson_detection/prefix_override:/usr/lib/python3/dist-packages/colcon_core/task/python/colcon_distutils_commands:/home/laheckaf/ros2_ws/install/jetson_detection/lib/python3.10/site-packages:${PYTHONPATH} /usr/bin/python3 -W ignore:setup.py install is deprecated -W ignore:easy_install command is deprecated setup.py egg_info --egg-base ../../build/jetson_detection build --build-base /home/laheckaf/ros2_ws/build/jetson_detection/build install --record /home/laheckaf/ros2_ws/build/jetson_detection/install.log --single-version-externally-managed install_data
[1.582s] running egg_info
[1.583s] writing ../../build/jetson_detection/jetson_detection.egg-info/PKG-INFO
[1.584s] writing dependency_links to ../../build/jetson_detection/jetson_detection.egg-info/dependency_links.txt
[1.584s] writing entry points to ../../build/jetson_detection/jetson_detection.egg-info/entry_points.txt
[1.584s] writing requirements to ../../build/jetson_detection/jetson_detection.egg-info/requires.txt
[1.584s] writing top-level names to ../../build/jetson_detection/jetson_detection.egg-info/top_level.txt
[1.591s] reading manifest file '../../build/jetson_detection/jetson_detection.egg-info/SOURCES.txt'
[1.594s] writing manifest file '../../build/jetson_detection/jetson_detection.egg-info/SOURCES.txt'
[1.594s] running build
[1.594s] running build_py
[1.594s] copying jetson_detection/camera_yolo_node.py -> /home/laheckaf/ros2_ws/build/jetson_detection/build/lib/jetson_detection
[1.594s] running install
[1.594s] running install_lib
[1.596s] copying /home/laheckaf/ros2_ws/build/jetson_detection/build/lib/jetson_detection/camera_yolo_node.py -> /home/laheckaf/ros2_ws/install/jetson_detection/lib/python3.10/site-packages/jetson_detection
[1.596s] byte-compiling /home/laheckaf/ros2_ws/install/jetson_detection/lib/python3.10/site-packages/jetson_detection/camera_yolo_node.py to camera_yolo_node.cpython-310.pyc
[1.597s] running install_data
[1.598s] running install_egg_info
[1.601s] removing '/home/laheckaf/ros2_ws/install/jetson_detection/lib/python3.10/site-packages/jetson_detection-0.0.0-py3.10.egg-info' (and everything under it)
[1.601s] Copying ../../build/jetson_detection/jetson_detection.egg-info to /home/laheckaf/ros2_ws/install/jetson_detection/lib/python3.10/site-packages/jetson_detection-0.0.0-py3.10.egg-info
[1.603s] running install_scripts
[1.644s] Installing camera_yolo_node script to /home/laheckaf/ros2_ws/install/jetson_detection/lib/jetson_detection
[1.644s] writing list of installed files to '/home/laheckaf/ros2_ws/build/jetson_detection/install.log'
[1.719s] Invoked command in '/home/laheckaf/ros2_ws/src/jetson_detection' returned '0': PYTHONPATH=/home/laheckaf/ros2_ws/build/jetson_detection/prefix_override:/usr/lib/python3/dist-packages/colcon_core/task/python/colcon_distutils_commands:/home/laheckaf/ros2_ws/install/jetson_detection/lib/python3.10/site-packages:${PYTHONPATH} /usr/bin/python3 -W ignore:setup.py install is deprecated -W ignore:easy_install command is deprecated setup.py egg_info --egg-base ../../build/jetson_detection build --build-base /home/laheckaf/ros2_ws/build/jetson_detection/build install --record /home/laheckaf/ros2_ws/build/jetson_detection/install.log --single-version-externally-managed install_data
