[1.229s] Invoking command in '/home/laheckaf/ros2_ws/src/jetson_detection': PYTHONPATH=/home/laheckaf/ros2_ws/build/jetson_detection/prefix_override:/usr/lib/python3/dist-packages/colcon_core/task/python/colcon_distutils_commands:/home/laheckaf/ros2_ws/install/jetson_detection/lib/python3.10/site-packages:${PYTHONPATH} /usr/bin/python3 -W ignore:setup.py install is deprecated -W ignore:easy_install command is deprecated setup.py egg_info --egg-base ../../build/jetson_detection build --build-base /home/laheckaf/ros2_ws/build/jetson_detection/build install --record /home/laheckaf/ros2_ws/build/jetson_detection/install.log --single-version-externally-managed install_data
[1.671s] running egg_info
[1.672s] writing ../../build/jetson_detection/jetson_detection.egg-info/PKG-INFO
[1.673s] writing dependency_links to ../../build/jetson_detection/jetson_detection.egg-info/dependency_links.txt
[1.673s] writing entry points to ../../build/jetson_detection/jetson_detection.egg-info/entry_points.txt
[1.673s] writing requirements to ../../build/jetson_detection/jetson_detection.egg-info/requires.txt
[1.673s] writing top-level names to ../../build/jetson_detection/jetson_detection.egg-info/top_level.txt
[1.677s] reading manifest file '../../build/jetson_detection/jetson_detection.egg-info/SOURCES.txt'
[1.679s] writing manifest file '../../build/jetson_detection/jetson_detection.egg-info/SOURCES.txt'
[1.679s] running build
[1.679s] running build_py
[1.679s] copying jetson_detection/fusion_node.py -> /home/laheckaf/ros2_ws/build/jetson_detection/build/lib/jetson_detection
[1.680s] running install
[1.681s] running install_lib
[1.682s] copying /home/laheckaf/ros2_ws/build/jetson_detection/build/lib/jetson_detection/fusion_node.py -> /home/laheckaf/ros2_ws/install/jetson_detection/lib/python3.10/site-packages/jetson_detection
[1.683s] byte-compiling /home/laheckaf/ros2_ws/install/jetson_detection/lib/python3.10/site-packages/jetson_detection/fusion_node.py to fusion_node.cpython-310.pyc
[1.687s] running install_data
[1.687s] running install_egg_info
[1.692s] removing '/home/laheckaf/ros2_ws/install/jetson_detection/lib/python3.10/site-packages/jetson_detection-0.0.0-py3.10.egg-info' (and everything under it)
[1.693s] Copying ../../build/jetson_detection/jetson_detection.egg-info to /home/laheckaf/ros2_ws/install/jetson_detection/lib/python3.10/site-packages/jetson_detection-0.0.0-py3.10.egg-info
[1.694s] running install_scripts
[1.730s] Installing camera_yolo_node script to /home/laheckaf/ros2_ws/install/jetson_detection/lib/jetson_detection
[1.730s] Installing fusion_node script to /home/laheckaf/ros2_ws/install/jetson_detection/lib/jetson_detection
[1.731s] Installing imu_node script to /home/laheckaf/ros2_ws/install/jetson_detection/lib/jetson_detection
[1.731s] Installing viewer_node script to /home/laheckaf/ros2_ws/install/jetson_detection/lib/jetson_detection
[1.731s] writing list of installed files to '/home/laheckaf/ros2_ws/build/jetson_detection/install.log'
[1.801s] Invoked command in '/home/laheckaf/ros2_ws/src/jetson_detection' returned '0': PYTHONPATH=/home/laheckaf/ros2_ws/build/jetson_detection/prefix_override:/usr/lib/python3/dist-packages/colcon_core/task/python/colcon_distutils_commands:/home/laheckaf/ros2_ws/install/jetson_detection/lib/python3.10/site-packages:${PYTHONPATH} /usr/bin/python3 -W ignore:setup.py install is deprecated -W ignore:easy_install command is deprecated setup.py egg_info --egg-base ../../build/jetson_detection build --build-base /home/laheckaf/ros2_ws/build/jetson_detection/build install --record /home/laheckaf/ros2_ws/build/jetson_detection/install.log --single-version-externally-managed install_data
