[0.200s] DEBUG:colcon:Command line arguments: ['/usr/bin/colcon', 'build', '--symlink-install', '--cmake-args=-DCMAKE_BUILD_TYPE=Release']
[0.200s] DEBUG:colcon:Parsed command line arguments: Namespace(log_base=None, log_level=None, verb_name='build', build_base='build', install_base='install', merge_install=False, symlink_install=True, test_result_base=None, continue_on_error=False, executor='parallel', parallel_workers=6, event_handlers=None, ignore_user_meta=False, metas=['./colcon.meta'], base_paths=['.'], packages_ignore=None, packages_ignore_regex=None, paths=None, packages_up_to=None, packages_up_to_regex=None, packages_above=None, packages_above_and_dependencies=None, packages_above_depth=None, packages_select_by_dep=None, packages_skip_by_dep=None, packages_skip_up_to=None, packages_select_build_failed=False, packages_skip_build_finished=False, packages_select_test_failures=False, packages_skip_test_passed=False, packages_select=None, packages_skip=None, packages_select_regex=None, packages_skip_regex=None, packages_start=None, packages_end=None, allow_overriding=[], cmake_args=['-DCMAKE_BUILD_TYPE=Release'], cmake_target=None, cmake_target_skip_unavailable=False, cmake_clean_cache=False, cmake_clean_first=False, cmake_force_configure=False, ament_cmake_args=None, catkin_cmake_args=None, catkin_skip_building_tests=False, verb_parser=<colcon_defaults.argument_parser.defaults.DefaultArgumentsDecorator object at 0xffffa19485e0>, verb_extension=<colcon_core.verb.build.BuildVerb object at 0xffffa1afa470>, main=<bound method BuildVerb.main of <colcon_core.verb.build.BuildVerb object at 0xffffa1afa470>>)
[0.497s] Level 1:colcon.colcon_core.package_discovery:discover_packages(colcon_meta) check parameters
[0.497s] Level 1:colcon.colcon_core.package_discovery:discover_packages(recursive) check parameters
[0.497s] Level 1:colcon.colcon_core.package_discovery:discover_packages(ignore) check parameters
[0.497s] Level 1:colcon.colcon_core.package_discovery:discover_packages(path) check parameters
[0.497s] Level 1:colcon.colcon_core.package_discovery:discover_packages(colcon_meta) discover
[0.497s] Level 1:colcon.colcon_core.package_discovery:discover_packages(recursive) discover
[0.497s] INFO:colcon.colcon_core.package_discovery:Crawling recursively for packages in '/home/laheckaf/ros2_ws'
[0.498s] Level 1:colcon.colcon_core.package_identification:_identify(.) by extensions ['ignore', 'ignore_ament_install']
[0.498s] Level 1:colcon.colcon_core.package_identification:_identify(.) by extension 'ignore'
[0.498s] Level 1:colcon.colcon_core.package_identification:_identify(.) by extension 'ignore_ament_install'
[0.498s] Level 1:colcon.colcon_core.package_identification:_identify(.) by extensions ['colcon_pkg']
[0.498s] Level 1:colcon.colcon_core.package_identification:_identify(.) by extension 'colcon_pkg'
[0.498s] Level 1:colcon.colcon_core.package_identification:_identify(.) by extensions ['colcon_meta']
[0.498s] Level 1:colcon.colcon_core.package_identification:_identify(.) by extension 'colcon_meta'
[0.498s] Level 1:colcon.colcon_core.package_identification:_identify(.) by extensions ['ros']
[0.498s] Level 1:colcon.colcon_core.package_identification:_identify(.) by extension 'ros'
[0.521s] Level 1:colcon.colcon_core.package_identification:_identify(.) by extensions ['cmake', 'python']
[0.522s] Level 1:colcon.colcon_core.package_identification:_identify(.) by extension 'cmake'
[0.522s] Level 1:colcon.colcon_core.package_identification:_identify(.) by extension 'python'
[0.522s] Level 1:colcon.colcon_core.package_identification:_identify(.) by extensions ['python_setup_py']
[0.522s] Level 1:colcon.colcon_core.package_identification:_identify(.) by extension 'python_setup_py'
[0.522s] Level 1:colcon.colcon_core.package_identification:_identify(build) by extensions ['ignore', 'ignore_ament_install']
[0.522s] Level 1:colcon.colcon_core.package_identification:_identify(build) by extension 'ignore'
[0.523s] Level 1:colcon.colcon_core.package_identification:_identify(build) ignored
[0.523s] Level 1:colcon.colcon_core.package_identification:_identify(install) by extensions ['ignore', 'ignore_ament_install']
[0.523s] Level 1:colcon.colcon_core.package_identification:_identify(install) by extension 'ignore'
[0.523s] Level 1:colcon.colcon_core.package_identification:_identify(install) ignored
[0.523s] Level 1:colcon.colcon_core.package_identification:_identify(log) by extensions ['ignore', 'ignore_ament_install']
[0.523s] Level 1:colcon.colcon_core.package_identification:_identify(log) by extension 'ignore'
[0.524s] Level 1:colcon.colcon_core.package_identification:_identify(log) ignored
[0.524s] Level 1:colcon.colcon_core.package_identification:_identify(src) by extensions ['ignore', 'ignore_ament_install']
[0.524s] Level 1:colcon.colcon_core.package_identification:_identify(src) by extension 'ignore'
[0.524s] Level 1:colcon.colcon_core.package_identification:_identify(src) by extension 'ignore_ament_install'
[0.524s] Level 1:colcon.colcon_core.package_identification:_identify(src) by extensions ['colcon_pkg']
[0.524s] Level 1:colcon.colcon_core.package_identification:_identify(src) by extension 'colcon_pkg'
[0.524s] Level 1:colcon.colcon_core.package_identification:_identify(src) by extensions ['colcon_meta']
[0.524s] Level 1:colcon.colcon_core.package_identification:_identify(src) by extension 'colcon_meta'
[0.524s] Level 1:colcon.colcon_core.package_identification:_identify(src) by extensions ['ros']
[0.524s] Level 1:colcon.colcon_core.package_identification:_identify(src) by extension 'ros'
[0.525s] Level 1:colcon.colcon_core.package_identification:_identify(src) by extensions ['cmake', 'python']
[0.525s] Level 1:colcon.colcon_core.package_identification:_identify(src) by extension 'cmake'
[0.525s] Level 1:colcon.colcon_core.package_identification:_identify(src) by extension 'python'
[0.525s] Level 1:colcon.colcon_core.package_identification:_identify(src) by extensions ['python_setup_py']
[0.525s] Level 1:colcon.colcon_core.package_identification:_identify(src) by extension 'python_setup_py'
[0.525s] Level 1:colcon.colcon_core.package_identification:_identify(src/jetson_detection) by extensions ['ignore', 'ignore_ament_install']
[0.525s] Level 1:colcon.colcon_core.package_identification:_identify(src/jetson_detection) by extension 'ignore'
[0.525s] Level 1:colcon.colcon_core.package_identification:_identify(src/jetson_detection) by extension 'ignore_ament_install'
[0.525s] Level 1:colcon.colcon_core.package_identification:_identify(src/jetson_detection) by extensions ['colcon_pkg']
[0.525s] Level 1:colcon.colcon_core.package_identification:_identify(src/jetson_detection) by extension 'colcon_pkg'
[0.526s] Level 1:colcon.colcon_core.package_identification:_identify(src/jetson_detection) by extensions ['colcon_meta']
[0.526s] Level 1:colcon.colcon_core.package_identification:_identify(src/jetson_detection) by extension 'colcon_meta'
[0.526s] Level 1:colcon.colcon_core.package_identification:_identify(src/jetson_detection) by extensions ['ros']
[0.526s] Level 1:colcon.colcon_core.package_identification:_identify(src/jetson_detection) by extension 'ros'
[0.531s] DEBUG:colcon.colcon_core.package_identification:Package 'src/jetson_detection' with type 'ros.ament_python' and name 'jetson_detection'
[0.531s] Level 1:colcon.colcon_core.package_identification:_identify(src/ldrobot-lidar-ros2) by extensions ['ignore', 'ignore_ament_install']
[0.531s] Level 1:colcon.colcon_core.package_identification:_identify(src/ldrobot-lidar-ros2) by extension 'ignore'
[0.531s] Level 1:colcon.colcon_core.package_identification:_identify(src/ldrobot-lidar-ros2) by extension 'ignore_ament_install'
[0.531s] Level 1:colcon.colcon_core.package_identification:_identify(src/ldrobot-lidar-ros2) by extensions ['colcon_pkg']
[0.532s] Level 1:colcon.colcon_core.package_identification:_identify(src/ldrobot-lidar-ros2) by extension 'colcon_pkg'
[0.532s] Level 1:colcon.colcon_core.package_identification:_identify(src/ldrobot-lidar-ros2) by extensions ['colcon_meta']
[0.532s] Level 1:colcon.colcon_core.package_identification:_identify(src/ldrobot-lidar-ros2) by extension 'colcon_meta'
[0.532s] Level 1:colcon.colcon_core.package_identification:_identify(src/ldrobot-lidar-ros2) by extensions ['ros']
[0.532s] Level 1:colcon.colcon_core.package_identification:_identify(src/ldrobot-lidar-ros2) by extension 'ros'
[0.532s] Level 1:colcon.colcon_core.package_identification:_identify(src/ldrobot-lidar-ros2) by extensions ['cmake', 'python']
[0.532s] Level 1:colcon.colcon_core.package_identification:_identify(src/ldrobot-lidar-ros2) by extension 'cmake'
[0.532s] Level 1:colcon.colcon_core.package_identification:_identify(src/ldrobot-lidar-ros2) by extension 'python'
[0.532s] Level 1:colcon.colcon_core.package_identification:_identify(src/ldrobot-lidar-ros2) by extensions ['python_setup_py']
[0.532s] Level 1:colcon.colcon_core.package_identification:_identify(src/ldrobot-lidar-ros2) by extension 'python_setup_py'
[0.533s] Level 1:colcon.colcon_core.package_identification:_identify(src/ldrobot-lidar-ros2/3d_model) by extensions ['ignore', 'ignore_ament_install']
[0.533s] Level 1:colcon.colcon_core.package_identification:_identify(src/ldrobot-lidar-ros2/3d_model) by extension 'ignore'
[0.533s] Level 1:colcon.colcon_core.package_identification:_identify(src/ldrobot-lidar-ros2/3d_model) by extension 'ignore_ament_install'
[0.533s] Level 1:colcon.colcon_core.package_identification:_identify(src/ldrobot-lidar-ros2/3d_model) by extensions ['colcon_pkg']
[0.533s] Level 1:colcon.colcon_core.package_identification:_identify(src/ldrobot-lidar-ros2/3d_model) by extension 'colcon_pkg'
[0.533s] Level 1:colcon.colcon_core.package_identification:_identify(src/ldrobot-lidar-ros2/3d_model) by extensions ['colcon_meta']
[0.533s] Level 1:colcon.colcon_core.package_identification:_identify(src/ldrobot-lidar-ros2/3d_model) by extension 'colcon_meta'
[0.533s] Level 1:colcon.colcon_core.package_identification:_identify(src/ldrobot-lidar-ros2/3d_model) by extensions ['ros']
[0.533s] Level 1:colcon.colcon_core.package_identification:_identify(src/ldrobot-lidar-ros2/3d_model) by extension 'ros'
[0.533s] Level 1:colcon.colcon_core.package_identification:_identify(src/ldrobot-lidar-ros2/3d_model) by extensions ['cmake', 'python']
[0.533s] Level 1:colcon.colcon_core.package_identification:_identify(src/ldrobot-lidar-ros2/3d_model) by extension 'cmake'
[0.533s] Level 1:colcon.colcon_core.package_identification:_identify(src/ldrobot-lidar-ros2/3d_model) by extension 'python'
[0.534s] Level 1:colcon.colcon_core.package_identification:_identify(src/ldrobot-lidar-ros2/3d_model) by extensions ['python_setup_py']
[0.534s] Level 1:colcon.colcon_core.package_identification:_identify(src/ldrobot-lidar-ros2/3d_model) by extension 'python_setup_py'
[0.534s] Level 1:colcon.colcon_core.package_identification:_identify(src/ldrobot-lidar-ros2/docs) by extensions ['ignore', 'ignore_ament_install']
[0.534s] Level 1:colcon.colcon_core.package_identification:_identify(src/ldrobot-lidar-ros2/docs) by extension 'ignore'
[0.534s] Level 1:colcon.colcon_core.package_identification:_identify(src/ldrobot-lidar-ros2/docs) by extension 'ignore_ament_install'
[0.534s] Level 1:colcon.colcon_core.package_identification:_identify(src/ldrobot-lidar-ros2/docs) by extensions ['colcon_pkg']
[0.534s] Level 1:colcon.colcon_core.package_identification:_identify(src/ldrobot-lidar-ros2/docs) by extension 'colcon_pkg'
[0.534s] Level 1:colcon.colcon_core.package_identification:_identify(src/ldrobot-lidar-ros2/docs) by extensions ['colcon_meta']
[0.534s] Level 1:colcon.colcon_core.package_identification:_identify(src/ldrobot-lidar-ros2/docs) by extension 'colcon_meta'
[0.534s] Level 1:colcon.colcon_core.package_identification:_identify(src/ldrobot-lidar-ros2/docs) by extensions ['ros']
[0.534s] Level 1:colcon.colcon_core.package_identification:_identify(src/ldrobot-lidar-ros2/docs) by extension 'ros'
[0.535s] Level 1:colcon.colcon_core.package_identification:_identify(src/ldrobot-lidar-ros2/docs) by extensions ['cmake', 'python']
[0.535s] Level 1:colcon.colcon_core.package_identification:_identify(src/ldrobot-lidar-ros2/docs) by extension 'cmake'
[0.535s] Level 1:colcon.colcon_core.package_identification:_identify(src/ldrobot-lidar-ros2/docs) by extension 'python'
[0.535s] Level 1:colcon.colcon_core.package_identification:_identify(src/ldrobot-lidar-ros2/docs) by extensions ['python_setup_py']
[0.535s] Level 1:colcon.colcon_core.package_identification:_identify(src/ldrobot-lidar-ros2/docs) by extension 'python_setup_py'
[0.535s] Level 1:colcon.colcon_core.package_identification:_identify(src/ldrobot-lidar-ros2/images) by extensions ['ignore', 'ignore_ament_install']
[0.535s] Level 1:colcon.colcon_core.package_identification:_identify(src/ldrobot-lidar-ros2/images) by extension 'ignore'
[0.535s] Level 1:colcon.colcon_core.package_identification:_identify(src/ldrobot-lidar-ros2/images) by extension 'ignore_ament_install'
[0.535s] Level 1:colcon.colcon_core.package_identification:_identify(src/ldrobot-lidar-ros2/images) by extensions ['colcon_pkg']
[0.536s] Level 1:colcon.colcon_core.package_identification:_identify(src/ldrobot-lidar-ros2/images) by extension 'colcon_pkg'
[0.536s] Level 1:colcon.colcon_core.package_identification:_identify(src/ldrobot-lidar-ros2/images) by extensions ['colcon_meta']
[0.536s] Level 1:colcon.colcon_core.package_identification:_identify(src/ldrobot-lidar-ros2/images) by extension 'colcon_meta'
[0.536s] Level 1:colcon.colcon_core.package_identification:_identify(src/ldrobot-lidar-ros2/images) by extensions ['ros']
[0.536s] Level 1:colcon.colcon_core.package_identification:_identify(src/ldrobot-lidar-ros2/images) by extension 'ros'
[0.536s] Level 1:colcon.colcon_core.package_identification:_identify(src/ldrobot-lidar-ros2/images) by extensions ['cmake', 'python']
[0.536s] Level 1:colcon.colcon_core.package_identification:_identify(src/ldrobot-lidar-ros2/images) by extension 'cmake'
[0.536s] Level 1:colcon.colcon_core.package_identification:_identify(src/ldrobot-lidar-ros2/images) by extension 'python'
[0.536s] Level 1:colcon.colcon_core.package_identification:_identify(src/ldrobot-lidar-ros2/images) by extensions ['python_setup_py']
[0.536s] Level 1:colcon.colcon_core.package_identification:_identify(src/ldrobot-lidar-ros2/images) by extension 'python_setup_py'
[0.536s] Level 1:colcon.colcon_core.package_identification:_identify(src/ldrobot-lidar-ros2/ldlidar) by extensions ['ignore', 'ignore_ament_install']
[0.537s] Level 1:colcon.colcon_core.package_identification:_identify(src/ldrobot-lidar-ros2/ldlidar) by extension 'ignore'
[0.537s] Level 1:colcon.colcon_core.package_identification:_identify(src/ldrobot-lidar-ros2/ldlidar) by extension 'ignore_ament_install'
[0.537s] Level 1:colcon.colcon_core.package_identification:_identify(src/ldrobot-lidar-ros2/ldlidar) by extensions ['colcon_pkg']
[0.537s] Level 1:colcon.colcon_core.package_identification:_identify(src/ldrobot-lidar-ros2/ldlidar) by extension 'colcon_pkg'
[0.537s] Level 1:colcon.colcon_core.package_identification:_identify(src/ldrobot-lidar-ros2/ldlidar) by extensions ['colcon_meta']
[0.537s] Level 1:colcon.colcon_core.package_identification:_identify(src/ldrobot-lidar-ros2/ldlidar) by extension 'colcon_meta'
[0.537s] Level 1:colcon.colcon_core.package_identification:_identify(src/ldrobot-lidar-ros2/ldlidar) by extensions ['ros']
[0.537s] Level 1:colcon.colcon_core.package_identification:_identify(src/ldrobot-lidar-ros2/ldlidar) by extension 'ros'
[0.538s] DEBUG:colcon.colcon_core.package_identification:Package 'src/ldrobot-lidar-ros2/ldlidar' with type 'ros.ament_cmake' and name 'ldlidar'
[0.538s] Level 1:colcon.colcon_core.package_identification:_identify(src/ldrobot-lidar-ros2/ldlidar_component) by extensions ['ignore', 'ignore_ament_install']
[0.538s] Level 1:colcon.colcon_core.package_identification:_identify(src/ldrobot-lidar-ros2/ldlidar_component) by extension 'ignore'
[0.538s] Level 1:colcon.colcon_core.package_identification:_identify(src/ldrobot-lidar-ros2/ldlidar_component) by extension 'ignore_ament_install'
[0.539s] Level 1:colcon.colcon_core.package_identification:_identify(src/ldrobot-lidar-ros2/ldlidar_component) by extensions ['colcon_pkg']
[0.539s] Level 1:colcon.colcon_core.package_identification:_identify(src/ldrobot-lidar-ros2/ldlidar_component) by extension 'colcon_pkg'
[0.539s] Level 1:colcon.colcon_core.package_identification:_identify(src/ldrobot-lidar-ros2/ldlidar_component) by extensions ['colcon_meta']
[0.539s] Level 1:colcon.colcon_core.package_identification:_identify(src/ldrobot-lidar-ros2/ldlidar_component) by extension 'colcon_meta'
[0.539s] Level 1:colcon.colcon_core.package_identification:_identify(src/ldrobot-lidar-ros2/ldlidar_component) by extensions ['ros']
[0.539s] Level 1:colcon.colcon_core.package_identification:_identify(src/ldrobot-lidar-ros2/ldlidar_component) by extension 'ros'
[0.541s] DEBUG:colcon.colcon_core.package_identification:Package 'src/ldrobot-lidar-ros2/ldlidar_component' with type 'ros.ament_cmake' and name 'ldlidar_component'
[0.541s] Level 1:colcon.colcon_core.package_identification:_identify(src/ldrobot-lidar-ros2/ldlidar_node) by extensions ['ignore', 'ignore_ament_install']
[0.541s] Level 1:colcon.colcon_core.package_identification:_identify(src/ldrobot-lidar-ros2/ldlidar_node) by extension 'ignore'
[0.542s] Level 1:colcon.colcon_core.package_identification:_identify(src/ldrobot-lidar-ros2/ldlidar_node) by extension 'ignore_ament_install'
[0.542s] Level 1:colcon.colcon_core.package_identification:_identify(src/ldrobot-lidar-ros2/ldlidar_node) by extensions ['colcon_pkg']
[0.542s] Level 1:colcon.colcon_core.package_identification:_identify(src/ldrobot-lidar-ros2/ldlidar_node) by extension 'colcon_pkg'
[0.542s] Level 1:colcon.colcon_core.package_identification:_identify(src/ldrobot-lidar-ros2/ldlidar_node) by extensions ['colcon_meta']
[0.542s] Level 1:colcon.colcon_core.package_identification:_identify(src/ldrobot-lidar-ros2/ldlidar_node) by extension 'colcon_meta'
[0.542s] Level 1:colcon.colcon_core.package_identification:_identify(src/ldrobot-lidar-ros2/ldlidar_node) by extensions ['ros']
[0.542s] Level 1:colcon.colcon_core.package_identification:_identify(src/ldrobot-lidar-ros2/ldlidar_node) by extension 'ros'
[0.543s] DEBUG:colcon.colcon_core.package_identification:Package 'src/ldrobot-lidar-ros2/ldlidar_node' with type 'ros.ament_cmake' and name 'ldlidar_node'
[0.544s] Level 1:colcon.colcon_core.package_identification:_identify(src/ldrobot-lidar-ros2/rules) by extensions ['ignore', 'ignore_ament_install']
[0.544s] Level 1:colcon.colcon_core.package_identification:_identify(src/ldrobot-lidar-ros2/rules) by extension 'ignore'
[0.544s] Level 1:colcon.colcon_core.package_identification:_identify(src/ldrobot-lidar-ros2/rules) by extension 'ignore_ament_install'
[0.544s] Level 1:colcon.colcon_core.package_identification:_identify(src/ldrobot-lidar-ros2/rules) by extensions ['colcon_pkg']
[0.544s] Level 1:colcon.colcon_core.package_identification:_identify(src/ldrobot-lidar-ros2/rules) by extension 'colcon_pkg'
[0.544s] Level 1:colcon.colcon_core.package_identification:_identify(src/ldrobot-lidar-ros2/rules) by extensions ['colcon_meta']
[0.544s] Level 1:colcon.colcon_core.package_identification:_identify(src/ldrobot-lidar-ros2/rules) by extension 'colcon_meta'
[0.544s] Level 1:colcon.colcon_core.package_identification:_identify(src/ldrobot-lidar-ros2/rules) by extensions ['ros']
[0.544s] Level 1:colcon.colcon_core.package_identification:_identify(src/ldrobot-lidar-ros2/rules) by extension 'ros'
[0.544s] Level 1:colcon.colcon_core.package_identification:_identify(src/ldrobot-lidar-ros2/rules) by extensions ['cmake', 'python']
[0.544s] Level 1:colcon.colcon_core.package_identification:_identify(src/ldrobot-lidar-ros2/rules) by extension 'cmake'
[0.545s] Level 1:colcon.colcon_core.package_identification:_identify(src/ldrobot-lidar-ros2/rules) by extension 'python'
[0.545s] Level 1:colcon.colcon_core.package_identification:_identify(src/ldrobot-lidar-ros2/rules) by extensions ['python_setup_py']
[0.545s] Level 1:colcon.colcon_core.package_identification:_identify(src/ldrobot-lidar-ros2/rules) by extension 'python_setup_py'
[0.545s] Level 1:colcon.colcon_core.package_identification:_identify(src/ldrobot-lidar-ros2/scripts) by extensions ['ignore', 'ignore_ament_install']
[0.545s] Level 1:colcon.colcon_core.package_identification:_identify(src/ldrobot-lidar-ros2/scripts) by extension 'ignore'
[0.545s] Level 1:colcon.colcon_core.package_identification:_identify(src/ldrobot-lidar-ros2/scripts) by extension 'ignore_ament_install'
[0.545s] Level 1:colcon.colcon_core.package_identification:_identify(src/ldrobot-lidar-ros2/scripts) by extensions ['colcon_pkg']
[0.545s] Level 1:colcon.colcon_core.package_identification:_identify(src/ldrobot-lidar-ros2/scripts) by extension 'colcon_pkg'
[0.545s] Level 1:colcon.colcon_core.package_identification:_identify(src/ldrobot-lidar-ros2/scripts) by extensions ['colcon_meta']
[0.545s] Level 1:colcon.colcon_core.package_identification:_identify(src/ldrobot-lidar-ros2/scripts) by extension 'colcon_meta'
[0.545s] Level 1:colcon.colcon_core.package_identification:_identify(src/ldrobot-lidar-ros2/scripts) by extensions ['ros']
[0.546s] Level 1:colcon.colcon_core.package_identification:_identify(src/ldrobot-lidar-ros2/scripts) by extension 'ros'
[0.546s] Level 1:colcon.colcon_core.package_identification:_identify(src/ldrobot-lidar-ros2/scripts) by extensions ['cmake', 'python']
[0.546s] Level 1:colcon.colcon_core.package_identification:_identify(src/ldrobot-lidar-ros2/scripts) by extension 'cmake'
[0.546s] Level 1:colcon.colcon_core.package_identification:_identify(src/ldrobot-lidar-ros2/scripts) by extension 'python'
[0.546s] Level 1:colcon.colcon_core.package_identification:_identify(src/ldrobot-lidar-ros2/scripts) by extensions ['python_setup_py']
[0.546s] Level 1:colcon.colcon_core.package_identification:_identify(src/ldrobot-lidar-ros2/scripts) by extension 'python_setup_py'
[0.546s] Level 1:colcon.colcon_core.package_discovery:discover_packages(recursive) using defaults
[0.546s] Level 1:colcon.colcon_core.package_discovery:discover_packages(ignore) discover
[0.546s] Level 1:colcon.colcon_core.package_discovery:discover_packages(ignore) using defaults
[0.546s] Level 1:colcon.colcon_core.package_discovery:discover_packages(path) discover
[0.546s] Level 1:colcon.colcon_core.package_discovery:discover_packages(path) using defaults
[0.585s] Level 1:colcon.colcon_core.package_discovery:discover_packages(prefix_path) check parameters
[0.585s] Level 1:colcon.colcon_core.package_discovery:discover_packages(prefix_path) discover
[0.588s] DEBUG:colcon.colcon_installed_package_information.package_discovery:Found 4 installed packages in /home/laheckaf/ros2_ws/install
[0.590s] DEBUG:colcon.colcon_installed_package_information.package_discovery:Found 273 installed packages in /opt/ros/humble
[0.618s] Level 1:colcon.colcon_core.package_discovery:discover_packages(prefix_path) using defaults
[0.685s] Level 5:colcon.colcon_core.verb:set package 'jetson_detection' build argument 'cmake_args' from command line to '['-DCMAKE_BUILD_TYPE=Release']'
[0.685s] Level 5:colcon.colcon_core.verb:set package 'jetson_detection' build argument 'cmake_target' from command line to 'None'
[0.685s] Level 5:colcon.colcon_core.verb:set package 'jetson_detection' build argument 'cmake_target_skip_unavailable' from command line to 'False'
[0.685s] Level 5:colcon.colcon_core.verb:set package 'jetson_detection' build argument 'cmake_clean_cache' from command line to 'False'
[0.685s] Level 5:colcon.colcon_core.verb:set package 'jetson_detection' build argument 'cmake_clean_first' from command line to 'False'
[0.685s] Level 5:colcon.colcon_core.verb:set package 'jetson_detection' build argument 'cmake_force_configure' from command line to 'False'
[0.685s] Level 5:colcon.colcon_core.verb:set package 'jetson_detection' build argument 'ament_cmake_args' from command line to 'None'
[0.685s] Level 5:colcon.colcon_core.verb:set package 'jetson_detection' build argument 'catkin_cmake_args' from command line to 'None'
[0.685s] Level 5:colcon.colcon_core.verb:set package 'jetson_detection' build argument 'catkin_skip_building_tests' from command line to 'False'
[0.685s] DEBUG:colcon.colcon_core.verb:Building package 'jetson_detection' with the following arguments: {'ament_cmake_args': None, 'build_base': '/home/laheckaf/ros2_ws/build/jetson_detection', 'catkin_cmake_args': None, 'catkin_skip_building_tests': False, 'cmake_args': ['-DCMAKE_BUILD_TYPE=Release'], 'cmake_clean_cache': False, 'cmake_clean_first': False, 'cmake_force_configure': False, 'cmake_target': None, 'cmake_target_skip_unavailable': False, 'install_base': '/home/laheckaf/ros2_ws/install/jetson_detection', 'merge_install': False, 'path': '/home/laheckaf/ros2_ws/src/jetson_detection', 'symlink_install': True, 'test_result_base': None}
[0.686s] Level 5:colcon.colcon_core.verb:set package 'ldlidar_component' build argument 'cmake_args' from command line to '['-DCMAKE_BUILD_TYPE=Release']'
[0.686s] Level 5:colcon.colcon_core.verb:set package 'ldlidar_component' build argument 'cmake_target' from command line to 'None'
[0.686s] Level 5:colcon.colcon_core.verb:set package 'ldlidar_component' build argument 'cmake_target_skip_unavailable' from command line to 'False'
[0.686s] Level 5:colcon.colcon_core.verb:set package 'ldlidar_component' build argument 'cmake_clean_cache' from command line to 'False'
[0.686s] Level 5:colcon.colcon_core.verb:set package 'ldlidar_component' build argument 'cmake_clean_first' from command line to 'False'
[0.686s] Level 5:colcon.colcon_core.verb:set package 'ldlidar_component' build argument 'cmake_force_configure' from command line to 'False'
[0.686s] Level 5:colcon.colcon_core.verb:set package 'ldlidar_component' build argument 'ament_cmake_args' from command line to 'None'
[0.686s] Level 5:colcon.colcon_core.verb:set package 'ldlidar_component' build argument 'catkin_cmake_args' from command line to 'None'
[0.686s] Level 5:colcon.colcon_core.verb:set package 'ldlidar_component' build argument 'catkin_skip_building_tests' from command line to 'False'
[0.686s] DEBUG:colcon.colcon_core.verb:Building package 'ldlidar_component' with the following arguments: {'ament_cmake_args': None, 'build_base': '/home/laheckaf/ros2_ws/build/ldlidar_component', 'catkin_cmake_args': None, 'catkin_skip_building_tests': False, 'cmake_args': ['-DCMAKE_BUILD_TYPE=Release'], 'cmake_clean_cache': False, 'cmake_clean_first': False, 'cmake_force_configure': False, 'cmake_target': None, 'cmake_target_skip_unavailable': False, 'install_base': '/home/laheckaf/ros2_ws/install/ldlidar_component', 'merge_install': False, 'path': '/home/laheckaf/ros2_ws/src/ldrobot-lidar-ros2/ldlidar_component', 'symlink_install': True, 'test_result_base': None}
[0.687s] Level 5:colcon.colcon_core.verb:set package 'ldlidar_node' build argument 'cmake_args' from command line to '['-DCMAKE_BUILD_TYPE=Release']'
[0.687s] Level 5:colcon.colcon_core.verb:set package 'ldlidar_node' build argument 'cmake_target' from command line to 'None'
[0.687s] Level 5:colcon.colcon_core.verb:set package 'ldlidar_node' build argument 'cmake_target_skip_unavailable' from command line to 'False'
[0.687s] Level 5:colcon.colcon_core.verb:set package 'ldlidar_node' build argument 'cmake_clean_cache' from command line to 'False'
[0.687s] Level 5:colcon.colcon_core.verb:set package 'ldlidar_node' build argument 'cmake_clean_first' from command line to 'False'
[0.687s] Level 5:colcon.colcon_core.verb:set package 'ldlidar_node' build argument 'cmake_force_configure' from command line to 'False'
[0.687s] Level 5:colcon.colcon_core.verb:set package 'ldlidar_node' build argument 'ament_cmake_args' from command line to 'None'
[0.687s] Level 5:colcon.colcon_core.verb:set package 'ldlidar_node' build argument 'catkin_cmake_args' from command line to 'None'
[0.687s] Level 5:colcon.colcon_core.verb:set package 'ldlidar_node' build argument 'catkin_skip_building_tests' from command line to 'False'
[0.687s] DEBUG:colcon.colcon_core.verb:Building package 'ldlidar_node' with the following arguments: {'ament_cmake_args': None, 'build_base': '/home/laheckaf/ros2_ws/build/ldlidar_node', 'catkin_cmake_args': None, 'catkin_skip_building_tests': False, 'cmake_args': ['-DCMAKE_BUILD_TYPE=Release'], 'cmake_clean_cache': False, 'cmake_clean_first': False, 'cmake_force_configure': False, 'cmake_target': None, 'cmake_target_skip_unavailable': False, 'install_base': '/home/laheckaf/ros2_ws/install/ldlidar_node', 'merge_install': False, 'path': '/home/laheckaf/ros2_ws/src/ldrobot-lidar-ros2/ldlidar_node', 'symlink_install': True, 'test_result_base': None}
[0.688s] Level 5:colcon.colcon_core.verb:set package 'ldlidar' build argument 'cmake_args' from command line to '['-DCMAKE_BUILD_TYPE=Release']'
[0.688s] Level 5:colcon.colcon_core.verb:set package 'ldlidar' build argument 'cmake_target' from command line to 'None'
[0.688s] Level 5:colcon.colcon_core.verb:set package 'ldlidar' build argument 'cmake_target_skip_unavailable' from command line to 'False'
[0.688s] Level 5:colcon.colcon_core.verb:set package 'ldlidar' build argument 'cmake_clean_cache' from command line to 'False'
[0.688s] Level 5:colcon.colcon_core.verb:set package 'ldlidar' build argument 'cmake_clean_first' from command line to 'False'
[0.688s] Level 5:colcon.colcon_core.verb:set package 'ldlidar' build argument 'cmake_force_configure' from command line to 'False'
[0.688s] Level 5:colcon.colcon_core.verb:set package 'ldlidar' build argument 'ament_cmake_args' from command line to 'None'
[0.688s] Level 5:colcon.colcon_core.verb:set package 'ldlidar' build argument 'catkin_cmake_args' from command line to 'None'
[0.688s] Level 5:colcon.colcon_core.verb:set package 'ldlidar' build argument 'catkin_skip_building_tests' from command line to 'False'
[0.688s] DEBUG:colcon.colcon_core.verb:Building package 'ldlidar' with the following arguments: {'ament_cmake_args': None, 'build_base': '/home/laheckaf/ros2_ws/build/ldlidar', 'catkin_cmake_args': None, 'catkin_skip_building_tests': False, 'cmake_args': ['-DCMAKE_BUILD_TYPE=Release'], 'cmake_clean_cache': False, 'cmake_clean_first': False, 'cmake_force_configure': False, 'cmake_target': None, 'cmake_target_skip_unavailable': False, 'install_base': '/home/laheckaf/ros2_ws/install/ldlidar', 'merge_install': False, 'path': '/home/laheckaf/ros2_ws/src/ldrobot-lidar-ros2/ldlidar', 'symlink_install': True, 'test_result_base': None}
[0.689s] INFO:colcon.colcon_core.executor:Executing jobs using 'parallel' executor
[0.691s] DEBUG:colcon.colcon_parallel_executor.executor.parallel:run_until_complete
[0.691s] INFO:colcon.colcon_ros.task.ament_cmake.build:Building ROS package in '/home/laheckaf/ros2_ws/src/ldrobot-lidar-ros2/ldlidar_component' with build type 'ament_cmake'
[0.692s] INFO:colcon.colcon_cmake.task.cmake.build:Building CMake package in '/home/laheckaf/ros2_ws/src/ldrobot-lidar-ros2/ldlidar_component'
[0.695s] INFO:colcon.colcon_core.plugin_system:Skipping extension 'colcon_core.shell.bat': Not used on non-Windows systems
[0.695s] INFO:colcon.colcon_core.shell:Skip shell extension 'powershell' for command environment: Not usable outside of PowerShell
[0.696s] DEBUG:colcon.colcon_core.shell:Skip shell extension 'dsv' for command environment
[0.702s] INFO:colcon.colcon_ros.task.ament_python.build:Building ROS package in '/home/laheckaf/ros2_ws/src/jetson_detection' with build type 'ament_python'
[0.703s] Level 1:colcon.colcon_core.shell:create_environment_hook('jetson_detection', 'ament_prefix_path')
[0.703s] INFO:colcon.colcon_core.shell:Creating environment hook '/home/laheckaf/ros2_ws/install/jetson_detection/share/jetson_detection/hook/ament_prefix_path.ps1'
[0.705s] INFO:colcon.colcon_core.shell:Creating environment descriptor '/home/laheckaf/ros2_ws/install/jetson_detection/share/jetson_detection/hook/ament_prefix_path.dsv'
[0.706s] INFO:colcon.colcon_core.shell:Creating environment hook '/home/laheckaf/ros2_ws/install/jetson_detection/share/jetson_detection/hook/ament_prefix_path.sh'
[0.707s] INFO:colcon.colcon_core.shell:Skip shell extension 'powershell' for command environment: Not usable outside of PowerShell
[0.707s] DEBUG:colcon.colcon_core.shell:Skip shell extension 'dsv' for command environment
[0.718s] DEBUG:colcon.colcon_core.event_handler.log_command:Invoking command in '/home/laheckaf/ros2_ws/build/ldlidar_component': CMAKE_PREFIX_PATH=${CMAKE_PREFIX_PATH}:/home/laheckaf/ros2_ws/install/jetson_detection:/opt/ros/humble /usr/bin/cmake /home/laheckaf/ros2_ws/src/ldrobot-lidar-ros2/ldlidar_component -DCMAKE_BUILD_TYPE=Release -DAMENT_CMAKE_SYMLINK_INSTALL=1 -DCMAKE_INSTALL_PREFIX=/home/laheckaf/ros2_ws/install/ldlidar_component
[1.219s] INFO:colcon.colcon_core.task.python.build:Building Python package in '/home/laheckaf/ros2_ws/src/jetson_detection'
[1.220s] INFO:colcon.colcon_core.shell:Skip shell extension 'powershell' for command environment: Not usable outside of PowerShell
[1.220s] DEBUG:colcon.colcon_core.shell:Skip shell extension 'dsv' for command environment
[1.510s] DEBUG:colcon.colcon_core.event_handler.log_command:Invoked command in '/home/laheckaf/ros2_ws/build/ldlidar_component' returned '1': CMAKE_PREFIX_PATH=${CMAKE_PREFIX_PATH}:/home/laheckaf/ros2_ws/install/jetson_detection:/opt/ros/humble /usr/bin/cmake /home/laheckaf/ros2_ws/src/ldrobot-lidar-ros2/ldlidar_component -DCMAKE_BUILD_TYPE=Release -DAMENT_CMAKE_SYMLINK_INSTALL=1 -DCMAKE_INSTALL_PREFIX=/home/laheckaf/ros2_ws/install/ldlidar_component
[1.532s] Level 1:colcon.colcon_core.environment:create_environment_scripts_only(ldlidar_component)
[1.536s] Level 1:colcon.colcon_core.environment:checking '/home/laheckaf/ros2_ws/install/ldlidar_component' for CMake module files
[1.537s] Level 1:colcon.colcon_core.environment:checking '/home/laheckaf/ros2_ws/install/ldlidar_component' for CMake config files
[1.538s] Level 1:colcon.colcon_core.environment:checking '/home/laheckaf/ros2_ws/install/ldlidar_component/bin'
[1.538s] Level 1:colcon.colcon_core.environment:checking '/home/laheckaf/ros2_ws/install/ldlidar_component/lib/pkgconfig/ldlidar_component.pc'
[1.539s] Level 1:colcon.colcon_core.environment:checking '/home/laheckaf/ros2_ws/install/ldlidar_component/lib/python3.10/site-packages'
[1.540s] Level 1:colcon.colcon_core.environment:checking '/home/laheckaf/ros2_ws/install/ldlidar_component/bin'
[1.540s] INFO:colcon.colcon_core.shell:Creating package script '/home/laheckaf/ros2_ws/install/ldlidar_component/share/ldlidar_component/package.ps1'
[1.542s] INFO:colcon.colcon_core.shell:Creating package descriptor '/home/laheckaf/ros2_ws/install/ldlidar_component/share/ldlidar_component/package.dsv'
[1.544s] INFO:colcon.colcon_core.shell:Creating package script '/home/laheckaf/ros2_ws/install/ldlidar_component/share/ldlidar_component/package.sh'
[1.545s] INFO:colcon.colcon_core.shell:Creating package script '/home/laheckaf/ros2_ws/install/ldlidar_component/share/ldlidar_component/package.bash'
[1.547s] INFO:colcon.colcon_core.shell:Creating package script '/home/laheckaf/ros2_ws/install/ldlidar_component/share/ldlidar_component/package.zsh'
[1.549s] Level 1:colcon.colcon_core.environment:create_file_with_runtime_dependencies(/home/laheckaf/ros2_ws/install/ldlidar_component/share/colcon-core/packages/ldlidar_component)
[1.878s] DEBUG:colcon.colcon_parallel_executor.executor.parallel:closing loop
[1.878s] DEBUG:colcon.colcon_parallel_executor.executor.parallel:loop closed
[1.879s] DEBUG:colcon.colcon_parallel_executor.executor.parallel:run_until_complete finished with '1'
[1.879s] DEBUG:colcon.colcon_core.event_reactor:joining thread
[1.898s] INFO:colcon.colcon_core.plugin_system:Skipping extension 'colcon_notification.desktop_notification.terminal_notifier': Not used on non-Darwin systems
[1.898s] INFO:colcon.colcon_core.plugin_system:Skipping extension 'colcon_notification.desktop_notification.win32': Not used on non-Windows systems
[1.898s] INFO:colcon.colcon_notification.desktop_notification:Sending desktop notification using 'notify2'
[1.945s] DEBUG:colcon.colcon_core.event_reactor:joined thread
[1.946s] INFO:colcon.colcon_core.shell:Creating prefix script '/home/laheckaf/ros2_ws/install/local_setup.ps1'
[1.950s] INFO:colcon.colcon_core.shell:Creating prefix util module '/home/laheckaf/ros2_ws/install/_local_setup_util_ps1.py'
[1.955s] INFO:colcon.colcon_core.shell:Creating prefix chain script '/home/laheckaf/ros2_ws/install/setup.ps1'
[1.958s] INFO:colcon.colcon_core.shell:Creating prefix script '/home/laheckaf/ros2_ws/install/local_setup.sh'
[1.960s] INFO:colcon.colcon_core.shell:Creating prefix util module '/home/laheckaf/ros2_ws/install/_local_setup_util_sh.py'
[1.962s] INFO:colcon.colcon_core.shell:Creating prefix chain script '/home/laheckaf/ros2_ws/install/setup.sh'
[1.965s] INFO:colcon.colcon_core.shell:Creating prefix script '/home/laheckaf/ros2_ws/install/local_setup.bash'
[1.966s] INFO:colcon.colcon_core.shell:Creating prefix chain script '/home/laheckaf/ros2_ws/install/setup.bash'
[1.967s] INFO:colcon.colcon_core.shell:Creating prefix script '/home/laheckaf/ros2_ws/install/local_setup.zsh'
[1.969s] INFO:colcon.colcon_core.shell:Creating prefix chain script '/home/laheckaf/ros2_ws/install/setup.zsh'
