[0.194s] DEBUG:colcon:Command line arguments: ['/usr/bin/colcon', 'build', '--packages-select', 'ldlidar_sl_ros2']
[0.194s] DEBUG:colcon:Parsed command line arguments: Namespace(log_base=None, log_level=None, verb_name='build', build_base='build', install_base='install', merge_install=False, symlink_install=False, test_result_base=None, continue_on_error=False, executor='parallel', parallel_workers=6, event_handlers=None, ignore_user_meta=False, metas=['./colcon.meta'], base_paths=['.'], packages_ignore=None, packages_ignore_regex=None, paths=None, packages_up_to=None, packages_up_to_regex=None, packages_above=None, packages_above_and_dependencies=None, packages_above_depth=None, packages_select_by_dep=None, packages_skip_by_dep=None, packages_skip_up_to=None, packages_select_build_failed=False, packages_skip_build_finished=False, packages_select_test_failures=False, packages_skip_test_passed=False, packages_select=['ldlidar_sl_ros2'], packages_skip=None, packages_select_regex=None, packages_skip_regex=None, packages_start=None, packages_end=None, allow_overriding=[], cmake_args=None, cmake_target=None, cmake_target_skip_unavailable=False, cmake_clean_cache=False, cmake_clean_first=False, cmake_force_configure=False, ament_cmake_args=None, catkin_cmake_args=None, catkin_skip_building_tests=False, verb_parser=<colcon_defaults.argument_parser.defaults.DefaultArgumentsDecorator object at 0xffff88e34370>, verb_extension=<colcon_core.verb.build.BuildVerb object at 0xffff88fea200>, main=<bound method BuildVerb.main of <colcon_core.verb.build.BuildVerb object at 0xffff88fea200>>)
[0.489s] Level 1:colcon.colcon_core.package_discovery:discover_packages(colcon_meta) check parameters
[0.489s] Level 1:colcon.colcon_core.package_discovery:discover_packages(recursive) check parameters
[0.489s] Level 1:colcon.colcon_core.package_discovery:discover_packages(ignore) check parameters
[0.489s] Level 1:colcon.colcon_core.package_discovery:discover_packages(path) check parameters
[0.489s] Level 1:colcon.colcon_core.package_discovery:discover_packages(colcon_meta) discover
[0.489s] Level 1:colcon.colcon_core.package_discovery:discover_packages(recursive) discover
[0.489s] INFO:colcon.colcon_core.package_discovery:Crawling recursively for packages in '/home/laheckaf/ros2_ws'
[0.490s] Level 1:colcon.colcon_core.package_identification:_identify(.) by extensions ['ignore', 'ignore_ament_install']
[0.490s] Level 1:colcon.colcon_core.package_identification:_identify(.) by extension 'ignore'
[0.490s] Level 1:colcon.colcon_core.package_identification:_identify(.) by extension 'ignore_ament_install'
[0.490s] Level 1:colcon.colcon_core.package_identification:_identify(.) by extensions ['colcon_pkg']
[0.490s] Level 1:colcon.colcon_core.package_identification:_identify(.) by extension 'colcon_pkg'
[0.490s] Level 1:colcon.colcon_core.package_identification:_identify(.) by extensions ['colcon_meta']
[0.490s] Level 1:colcon.colcon_core.package_identification:_identify(.) by extension 'colcon_meta'
[0.490s] Level 1:colcon.colcon_core.package_identification:_identify(.) by extensions ['ros']
[0.490s] Level 1:colcon.colcon_core.package_identification:_identify(.) by extension 'ros'
[0.511s] Level 1:colcon.colcon_core.package_identification:_identify(.) by extensions ['cmake', 'python']
[0.511s] Level 1:colcon.colcon_core.package_identification:_identify(.) by extension 'cmake'
[0.511s] Level 1:colcon.colcon_core.package_identification:_identify(.) by extension 'python'
[0.511s] Level 1:colcon.colcon_core.package_identification:_identify(.) by extensions ['python_setup_py']
[0.511s] Level 1:colcon.colcon_core.package_identification:_identify(.) by extension 'python_setup_py'
[0.512s] Level 1:colcon.colcon_core.package_identification:_identify(build) by extensions ['ignore', 'ignore_ament_install']
[0.512s] Level 1:colcon.colcon_core.package_identification:_identify(build) by extension 'ignore'
[0.512s] Level 1:colcon.colcon_core.package_identification:_identify(build) ignored
[0.512s] Level 1:colcon.colcon_core.package_identification:_identify(install) by extensions ['ignore', 'ignore_ament_install']
[0.512s] Level 1:colcon.colcon_core.package_identification:_identify(install) by extension 'ignore'
[0.512s] Level 1:colcon.colcon_core.package_identification:_identify(install) ignored
[0.513s] Level 1:colcon.colcon_core.package_identification:_identify(log) by extensions ['ignore', 'ignore_ament_install']
[0.513s] Level 1:colcon.colcon_core.package_identification:_identify(log) by extension 'ignore'
[0.513s] Level 1:colcon.colcon_core.package_identification:_identify(log) ignored
[0.513s] Level 1:colcon.colcon_core.package_identification:_identify(src) by extensions ['ignore', 'ignore_ament_install']
[0.513s] Level 1:colcon.colcon_core.package_identification:_identify(src) by extension 'ignore'
[0.513s] Level 1:colcon.colcon_core.package_identification:_identify(src) by extension 'ignore_ament_install'
[0.513s] Level 1:colcon.colcon_core.package_identification:_identify(src) by extensions ['colcon_pkg']
[0.514s] Level 1:colcon.colcon_core.package_identification:_identify(src) by extension 'colcon_pkg'
[0.514s] Level 1:colcon.colcon_core.package_identification:_identify(src) by extensions ['colcon_meta']
[0.514s] Level 1:colcon.colcon_core.package_identification:_identify(src) by extension 'colcon_meta'
[0.514s] Level 1:colcon.colcon_core.package_identification:_identify(src) by extensions ['ros']
[0.514s] Level 1:colcon.colcon_core.package_identification:_identify(src) by extension 'ros'
[0.514s] Level 1:colcon.colcon_core.package_identification:_identify(src) by extensions ['cmake', 'python']
[0.514s] Level 1:colcon.colcon_core.package_identification:_identify(src) by extension 'cmake'
[0.514s] Level 1:colcon.colcon_core.package_identification:_identify(src) by extension 'python'
[0.514s] Level 1:colcon.colcon_core.package_identification:_identify(src) by extensions ['python_setup_py']
[0.514s] Level 1:colcon.colcon_core.package_identification:_identify(src) by extension 'python_setup_py'
[0.514s] Level 1:colcon.colcon_core.package_identification:_identify(src/jetson_detection) by extensions ['ignore', 'ignore_ament_install']
[0.515s] Level 1:colcon.colcon_core.package_identification:_identify(src/jetson_detection) by extension 'ignore'
[0.515s] Level 1:colcon.colcon_core.package_identification:_identify(src/jetson_detection) by extension 'ignore_ament_install'
[0.515s] Level 1:colcon.colcon_core.package_identification:_identify(src/jetson_detection) by extensions ['colcon_pkg']
[0.515s] Level 1:colcon.colcon_core.package_identification:_identify(src/jetson_detection) by extension 'colcon_pkg'
[0.515s] Level 1:colcon.colcon_core.package_identification:_identify(src/jetson_detection) by extensions ['colcon_meta']
[0.515s] Level 1:colcon.colcon_core.package_identification:_identify(src/jetson_detection) by extension 'colcon_meta'
[0.515s] Level 1:colcon.colcon_core.package_identification:_identify(src/jetson_detection) by extensions ['ros']
[0.515s] Level 1:colcon.colcon_core.package_identification:_identify(src/jetson_detection) by extension 'ros'
[0.520s] DEBUG:colcon.colcon_core.package_identification:Package 'src/jetson_detection' with type 'ros.ament_python' and name 'jetson_detection'
[0.520s] Level 1:colcon.colcon_core.package_identification:_identify(src/ldlidar_sl_ros2) by extensions ['ignore', 'ignore_ament_install']
[0.520s] Level 1:colcon.colcon_core.package_identification:_identify(src/ldlidar_sl_ros2) by extension 'ignore'
[0.521s] Level 1:colcon.colcon_core.package_identification:_identify(src/ldlidar_sl_ros2) by extension 'ignore_ament_install'
[0.521s] Level 1:colcon.colcon_core.package_identification:_identify(src/ldlidar_sl_ros2) by extensions ['colcon_pkg']
[0.521s] Level 1:colcon.colcon_core.package_identification:_identify(src/ldlidar_sl_ros2) by extension 'colcon_pkg'
[0.521s] Level 1:colcon.colcon_core.package_identification:_identify(src/ldlidar_sl_ros2) by extensions ['colcon_meta']
[0.521s] Level 1:colcon.colcon_core.package_identification:_identify(src/ldlidar_sl_ros2) by extension 'colcon_meta'
[0.521s] Level 1:colcon.colcon_core.package_identification:_identify(src/ldlidar_sl_ros2) by extensions ['ros']
[0.521s] Level 1:colcon.colcon_core.package_identification:_identify(src/ldlidar_sl_ros2) by extension 'ros'
[0.522s] DEBUG:colcon.colcon_core.package_identification:Package 'src/ldlidar_sl_ros2' with type 'ros.ament_cmake' and name 'ldlidar_sl_ros2'
[0.522s] Level 1:colcon.colcon_core.package_discovery:discover_packages(recursive) using defaults
[0.523s] Level 1:colcon.colcon_core.package_discovery:discover_packages(ignore) discover
[0.523s] Level 1:colcon.colcon_core.package_discovery:discover_packages(ignore) using defaults
[0.523s] Level 1:colcon.colcon_core.package_discovery:discover_packages(path) discover
[0.523s] Level 1:colcon.colcon_core.package_discovery:discover_packages(path) using defaults
[0.558s] INFO:colcon.colcon_core.package_selection:Skipping not selected package 'jetson_detection' in 'src/jetson_detection'
[0.559s] Level 1:colcon.colcon_core.package_discovery:discover_packages(prefix_path) check parameters
[0.559s] Level 1:colcon.colcon_core.package_discovery:discover_packages(prefix_path) discover
[0.562s] DEBUG:colcon.colcon_installed_package_information.package_discovery:Found 2 installed packages in /home/laheckaf/ros2_ws/install
[0.564s] DEBUG:colcon.colcon_installed_package_information.package_discovery:Found 273 installed packages in /opt/ros/humble
[0.595s] Level 1:colcon.colcon_core.package_discovery:discover_packages(prefix_path) using defaults
[0.662s] Level 5:colcon.colcon_core.verb:set package 'ldlidar_sl_ros2' build argument 'cmake_args' from command line to 'None'
[0.662s] Level 5:colcon.colcon_core.verb:set package 'ldlidar_sl_ros2' build argument 'cmake_target' from command line to 'None'
[0.662s] Level 5:colcon.colcon_core.verb:set package 'ldlidar_sl_ros2' build argument 'cmake_target_skip_unavailable' from command line to 'False'
[0.662s] Level 5:colcon.colcon_core.verb:set package 'ldlidar_sl_ros2' build argument 'cmake_clean_cache' from command line to 'False'
[0.662s] Level 5:colcon.colcon_core.verb:set package 'ldlidar_sl_ros2' build argument 'cmake_clean_first' from command line to 'False'
[0.662s] Level 5:colcon.colcon_core.verb:set package 'ldlidar_sl_ros2' build argument 'cmake_force_configure' from command line to 'False'
[0.662s] Level 5:colcon.colcon_core.verb:set package 'ldlidar_sl_ros2' build argument 'ament_cmake_args' from command line to 'None'
[0.662s] Level 5:colcon.colcon_core.verb:set package 'ldlidar_sl_ros2' build argument 'catkin_cmake_args' from command line to 'None'
[0.662s] Level 5:colcon.colcon_core.verb:set package 'ldlidar_sl_ros2' build argument 'catkin_skip_building_tests' from command line to 'False'
[0.662s] DEBUG:colcon.colcon_core.verb:Building package 'ldlidar_sl_ros2' with the following arguments: {'ament_cmake_args': None, 'build_base': '/home/laheckaf/ros2_ws/build/ldlidar_sl_ros2', 'catkin_cmake_args': None, 'catkin_skip_building_tests': False, 'cmake_args': None, 'cmake_clean_cache': False, 'cmake_clean_first': False, 'cmake_force_configure': False, 'cmake_target': None, 'cmake_target_skip_unavailable': False, 'install_base': '/home/laheckaf/ros2_ws/install/ldlidar_sl_ros2', 'merge_install': False, 'path': '/home/laheckaf/ros2_ws/src/ldlidar_sl_ros2', 'symlink_install': False, 'test_result_base': None}
[0.663s] INFO:colcon.colcon_core.executor:Executing jobs using 'parallel' executor
[0.665s] DEBUG:colcon.colcon_parallel_executor.executor.parallel:run_until_complete
[0.665s] INFO:colcon.colcon_ros.task.ament_cmake.build:Building ROS package in '/home/laheckaf/ros2_ws/src/ldlidar_sl_ros2' with build type 'ament_cmake'
[0.665s] INFO:colcon.colcon_cmake.task.cmake.build:Building CMake package in '/home/laheckaf/ros2_ws/src/ldlidar_sl_ros2'
[0.669s] INFO:colcon.colcon_core.plugin_system:Skipping extension 'colcon_core.shell.bat': Not used on non-Windows systems
[0.669s] INFO:colcon.colcon_core.shell:Skip shell extension 'powershell' for command environment: Not usable outside of PowerShell
[0.669s] DEBUG:colcon.colcon_core.shell:Skip shell extension 'dsv' for command environment
[0.682s] DEBUG:colcon.colcon_core.event_handler.log_command:Invoking command in '/home/laheckaf/ros2_ws/build/ldlidar_sl_ros2': CMAKE_PREFIX_PATH=${CMAKE_PREFIX_PATH}:/home/laheckaf/ros2_ws/install/jetson_detection:/opt/ros/humble /usr/bin/cmake /home/laheckaf/ros2_ws/src/ldlidar_sl_ros2 -DCMAKE_INSTALL_PREFIX=/home/laheckaf/ros2_ws/install/ldlidar_sl_ros2
[3.008s] DEBUG:colcon.colcon_core.event_handler.log_command:Invoked command in '/home/laheckaf/ros2_ws/build/ldlidar_sl_ros2' returned '0': CMAKE_PREFIX_PATH=${CMAKE_PREFIX_PATH}:/home/laheckaf/ros2_ws/install/jetson_detection:/opt/ros/humble /usr/bin/cmake /home/laheckaf/ros2_ws/src/ldlidar_sl_ros2 -DCMAKE_INSTALL_PREFIX=/home/laheckaf/ros2_ws/install/ldlidar_sl_ros2
[3.015s] DEBUG:colcon.colcon_core.event_handler.log_command:Invoking command in '/home/laheckaf/ros2_ws/build/ldlidar_sl_ros2': CMAKE_PREFIX_PATH=${CMAKE_PREFIX_PATH}:/home/laheckaf/ros2_ws/install/jetson_detection:/opt/ros/humble /usr/bin/cmake --build /home/laheckaf/ros2_ws/build/ldlidar_sl_ros2 -- -j6 -l6
[13.769s] DEBUG:colcon.colcon_core.event_handler.log_command:Invoked command in '/home/laheckaf/ros2_ws/build/ldlidar_sl_ros2' returned '0': CMAKE_PREFIX_PATH=${CMAKE_PREFIX_PATH}:/home/laheckaf/ros2_ws/install/jetson_detection:/opt/ros/humble /usr/bin/cmake --build /home/laheckaf/ros2_ws/build/ldlidar_sl_ros2 -- -j6 -l6
[13.794s] DEBUG:colcon.colcon_core.event_handler.log_command:Invoking command in '/home/laheckaf/ros2_ws/build/ldlidar_sl_ros2': CMAKE_PREFIX_PATH=${CMAKE_PREFIX_PATH}:/home/laheckaf/ros2_ws/install/jetson_detection:/opt/ros/humble /usr/bin/cmake --install /home/laheckaf/ros2_ws/build/ldlidar_sl_ros2
[13.827s] Level 1:colcon.colcon_core.environment:create_environment_scripts_only(ldlidar_sl_ros2)
[13.828s] DEBUG:colcon.colcon_core.event_handler.log_command:Invoked command in '/home/laheckaf/ros2_ws/build/ldlidar_sl_ros2' returned '0': CMAKE_PREFIX_PATH=${CMAKE_PREFIX_PATH}:/home/laheckaf/ros2_ws/install/jetson_detection:/opt/ros/humble /usr/bin/cmake --install /home/laheckaf/ros2_ws/build/ldlidar_sl_ros2
[13.836s] Level 1:colcon.colcon_core.environment:checking '/home/laheckaf/ros2_ws/install/ldlidar_sl_ros2' for CMake module files
[13.837s] Level 1:colcon.colcon_core.environment:checking '/home/laheckaf/ros2_ws/install/ldlidar_sl_ros2' for CMake config files
[13.838s] Level 1:colcon.colcon_core.shell:create_environment_hook('ldlidar_sl_ros2', 'cmake_prefix_path')
[13.839s] INFO:colcon.colcon_core.shell:Creating environment hook '/home/laheckaf/ros2_ws/install/ldlidar_sl_ros2/share/ldlidar_sl_ros2/hook/cmake_prefix_path.ps1'
[13.841s] INFO:colcon.colcon_core.shell:Creating environment descriptor '/home/laheckaf/ros2_ws/install/ldlidar_sl_ros2/share/ldlidar_sl_ros2/hook/cmake_prefix_path.dsv'
[13.842s] INFO:colcon.colcon_core.shell:Creating environment hook '/home/laheckaf/ros2_ws/install/ldlidar_sl_ros2/share/ldlidar_sl_ros2/hook/cmake_prefix_path.sh'
[13.845s] Level 1:colcon.colcon_core.environment:checking '/home/laheckaf/ros2_ws/install/ldlidar_sl_ros2/lib'
[13.846s] Level 1:colcon.colcon_core.environment:checking '/home/laheckaf/ros2_ws/install/ldlidar_sl_ros2/bin'
[13.846s] Level 1:colcon.colcon_core.environment:checking '/home/laheckaf/ros2_ws/install/ldlidar_sl_ros2/lib/pkgconfig/ldlidar_sl_ros2.pc'
[13.847s] Level 1:colcon.colcon_core.environment:checking '/home/laheckaf/ros2_ws/install/ldlidar_sl_ros2/lib/python3.10/site-packages'
[13.848s] Level 1:colcon.colcon_core.environment:checking '/home/laheckaf/ros2_ws/install/ldlidar_sl_ros2/bin'
[13.850s] INFO:colcon.colcon_core.shell:Creating package script '/home/laheckaf/ros2_ws/install/ldlidar_sl_ros2/share/ldlidar_sl_ros2/package.ps1'
[13.853s] INFO:colcon.colcon_core.shell:Creating package descriptor '/home/laheckaf/ros2_ws/install/ldlidar_sl_ros2/share/ldlidar_sl_ros2/package.dsv'
[13.855s] INFO:colcon.colcon_core.shell:Creating package script '/home/laheckaf/ros2_ws/install/ldlidar_sl_ros2/share/ldlidar_sl_ros2/package.sh'
[13.857s] INFO:colcon.colcon_core.shell:Creating package script '/home/laheckaf/ros2_ws/install/ldlidar_sl_ros2/share/ldlidar_sl_ros2/package.bash'
[13.860s] INFO:colcon.colcon_core.shell:Creating package script '/home/laheckaf/ros2_ws/install/ldlidar_sl_ros2/share/ldlidar_sl_ros2/package.zsh'
[13.862s] Level 1:colcon.colcon_core.environment:create_file_with_runtime_dependencies(/home/laheckaf/ros2_ws/install/ldlidar_sl_ros2/share/colcon-core/packages/ldlidar_sl_ros2)
[13.865s] Level 1:colcon.colcon_core.environment:create_environment_scripts_only(ldlidar_sl_ros2)
[13.865s] Level 1:colcon.colcon_core.environment:checking '/home/laheckaf/ros2_ws/install/ldlidar_sl_ros2' for CMake module files
[13.867s] Level 1:colcon.colcon_core.environment:checking '/home/laheckaf/ros2_ws/install/ldlidar_sl_ros2' for CMake config files
[13.868s] Level 1:colcon.colcon_core.shell:create_environment_hook('ldlidar_sl_ros2', 'cmake_prefix_path')
[13.869s] INFO:colcon.colcon_core.shell:Creating environment hook '/home/laheckaf/ros2_ws/install/ldlidar_sl_ros2/share/ldlidar_sl_ros2/hook/cmake_prefix_path.ps1'
[13.870s] INFO:colcon.colcon_core.shell:Creating environment descriptor '/home/laheckaf/ros2_ws/install/ldlidar_sl_ros2/share/ldlidar_sl_ros2/hook/cmake_prefix_path.dsv'
[13.871s] INFO:colcon.colcon_core.shell:Creating environment hook '/home/laheckaf/ros2_ws/install/ldlidar_sl_ros2/share/ldlidar_sl_ros2/hook/cmake_prefix_path.sh'
[13.873s] Level 1:colcon.colcon_core.environment:checking '/home/laheckaf/ros2_ws/install/ldlidar_sl_ros2/lib'
[13.873s] Level 1:colcon.colcon_core.environment:checking '/home/laheckaf/ros2_ws/install/ldlidar_sl_ros2/bin'
[13.874s] Level 1:colcon.colcon_core.environment:checking '/home/laheckaf/ros2_ws/install/ldlidar_sl_ros2/lib/pkgconfig/ldlidar_sl_ros2.pc'
[13.875s] Level 1:colcon.colcon_core.environment:checking '/home/laheckaf/ros2_ws/install/ldlidar_sl_ros2/lib/python3.10/site-packages'
[13.876s] Level 1:colcon.colcon_core.environment:checking '/home/laheckaf/ros2_ws/install/ldlidar_sl_ros2/bin'
[13.877s] INFO:colcon.colcon_core.shell:Creating package script '/home/laheckaf/ros2_ws/install/ldlidar_sl_ros2/share/ldlidar_sl_ros2/package.ps1'
[13.879s] INFO:colcon.colcon_core.shell:Creating package descriptor '/home/laheckaf/ros2_ws/install/ldlidar_sl_ros2/share/ldlidar_sl_ros2/package.dsv'
[13.881s] INFO:colcon.colcon_core.shell:Creating package script '/home/laheckaf/ros2_ws/install/ldlidar_sl_ros2/share/ldlidar_sl_ros2/package.sh'
[13.882s] INFO:colcon.colcon_core.shell:Creating package script '/home/laheckaf/ros2_ws/install/ldlidar_sl_ros2/share/ldlidar_sl_ros2/package.bash'
[13.883s] INFO:colcon.colcon_core.shell:Creating package script '/home/laheckaf/ros2_ws/install/ldlidar_sl_ros2/share/ldlidar_sl_ros2/package.zsh'
[13.885s] Level 1:colcon.colcon_core.environment:create_file_with_runtime_dependencies(/home/laheckaf/ros2_ws/install/ldlidar_sl_ros2/share/colcon-core/packages/ldlidar_sl_ros2)
[13.885s] DEBUG:colcon.colcon_parallel_executor.executor.parallel:closing loop
[13.886s] DEBUG:colcon.colcon_parallel_executor.executor.parallel:loop closed
[13.886s] DEBUG:colcon.colcon_parallel_executor.executor.parallel:run_until_complete finished with '0'
[13.886s] DEBUG:colcon.colcon_core.event_reactor:joining thread
[13.904s] INFO:colcon.colcon_core.plugin_system:Skipping extension 'colcon_notification.desktop_notification.terminal_notifier': Not used on non-Darwin systems
[13.905s] INFO:colcon.colcon_core.plugin_system:Skipping extension 'colcon_notification.desktop_notification.win32': Not used on non-Windows systems
[13.905s] INFO:colcon.colcon_notification.desktop_notification:Sending desktop notification using 'notify2'
[13.955s] DEBUG:colcon.colcon_core.event_reactor:joined thread
[13.956s] INFO:colcon.colcon_core.shell:Creating prefix script '/home/laheckaf/ros2_ws/install/local_setup.ps1'
[13.958s] INFO:colcon.colcon_core.shell:Creating prefix util module '/home/laheckaf/ros2_ws/install/_local_setup_util_ps1.py'
[13.961s] INFO:colcon.colcon_core.shell:Creating prefix chain script '/home/laheckaf/ros2_ws/install/setup.ps1'
[13.965s] INFO:colcon.colcon_core.shell:Creating prefix script '/home/laheckaf/ros2_ws/install/local_setup.sh'
[13.967s] INFO:colcon.colcon_core.shell:Creating prefix util module '/home/laheckaf/ros2_ws/install/_local_setup_util_sh.py'
[13.968s] INFO:colcon.colcon_core.shell:Creating prefix chain script '/home/laheckaf/ros2_ws/install/setup.sh'
[13.971s] INFO:colcon.colcon_core.shell:Creating prefix script '/home/laheckaf/ros2_ws/install/local_setup.bash'
[13.971s] INFO:colcon.colcon_core.shell:Creating prefix chain script '/home/laheckaf/ros2_ws/install/setup.bash'
[13.974s] INFO:colcon.colcon_core.shell:Creating prefix script '/home/laheckaf/ros2_ws/install/local_setup.zsh'
[13.975s] INFO:colcon.colcon_core.shell:Creating prefix chain script '/home/laheckaf/ros2_ws/install/setup.zsh'
