[0.017s] Invoking command in '/home/laheckaf/ros2_ws/build/ldlidar_stl_ros2': CMAKE_PREFIX_PATH=${CMAKE_PREFIX_PATH}:/home/laheckaf/ros2_ws/install/jetson_detection:/opt/ros/humble /usr/bin/cmake --build /home/laheckaf/ros2_ws/build/ldlidar_stl_ros2 -- -j6 -l6
[0.067s] -- Found ament_cmake: 1.3.12 (/opt/ros/humble/share/ament_cmake/cmake)
[0.333s] -- Found rclcpp: 16.0.17 (/opt/ros/humble/share/rclcpp/cmake)
[0.408s] -- Found rosidl_generator_c: 3.1.8 (/opt/ros/humble/share/rosidl_generator_c/cmake)
[0.412s] -- Found rosidl_adapter: 3.1.8 (/opt/ros/humble/share/rosidl_adapter/cmake)
[0.422s] -- Found rosidl_generator_cpp: 3.1.8 (/opt/ros/humble/share/rosidl_generator_cpp/cmake)
[0.439s] -- Using all available rosidl_typesupport_c: rosidl_typesupport_fastrtps_c;rosidl_typesupport_introspection_c
[0.462s] -- Using all available rosidl_typesupport_cpp: rosidl_typesupport_fastrtps_cpp;rosidl_typesupport_introspection_cpp
[0.513s] -- Found rmw_implementation_cmake: 6.1.2 (/opt/ros/humble/share/rmw_implementation_cmake/cmake)
[0.515s] -- Found rmw_fastrtps_cpp: 6.2.9 (/opt/ros/humble/share/rmw_fastrtps_cpp/cmake)
[0.691s] -- Using RMW implementation 'rmw_fastrtps_cpp' as default
[0.765s] -- Found sensor_msgs: 4.9.0 (/opt/ros/humble/share/sensor_msgs/cmake)
[0.810s] -- Found ament_lint_auto: 0.12.14 (/opt/ros/humble/share/ament_lint_auto/cmake)
[0.947s] -- Added test 'copyright' to check source files copyright and LICENSE
[0.955s] -- Added test 'cppcheck' to perform static code analysis on C / C++ code
[0.956s] -- Configured cppcheck include dirs: /home/laheckaf/ros2_ws/src/ldlidar_stl_ros2/include;/home/laheckaf/ros2_ws/src/ldlidar_stl_ros2/ldlidar_driver/include/core;/home/laheckaf/ros2_ws/src/ldlidar_stl_ros2/ldlidar_driver/include/dataprocess;/home/laheckaf/ros2_ws/src/ldlidar_stl_ros2/ldlidar_driver/include/filter;/home/laheckaf/ros2_ws/src/ldlidar_stl_ros2/ldlidar_driver/include/logger;/home/laheckaf/ros2_ws/src/ldlidar_stl_ros2/ldlidar_driver/include/networkcom;/home/laheckaf/ros2_ws/src/ldlidar_stl_ros2/ldlidar_driver/include/serialcom
[0.956s] -- Configured cppcheck exclude dirs and/or files: 
[0.963s] -- Added test 'cpplint' to check C / C++ code against the Google style
[0.963s] -- Configured cpplint exclude dirs and/or files: 
[0.964s] -- Added test 'flake8' to check Python code syntax and style conventions
[0.966s] -- Added test 'lint_cmake' to check CMake code style
[0.968s] -- Added test 'pep257' to check Python code against some of the docstring style conventions in PEP 257
[0.974s] -- Added test 'uncrustify' to check C / C++ code style
[0.974s] -- Configured uncrustify additional arguments: 
[0.976s] -- Added test 'xmllint' to check XML markup files
[0.977s] -- Configuring done
[1.000s] -- Generating done
[1.008s] -- Build files have been written to: /home/laheckaf/ros2_ws/build/ldlidar_stl_ros2
[1.072s] [35m[1mConsolidate compiler generated dependencies of target ldlidar_stl_ros2_node[0m
[1.116s] [ 37%] [32mBuilding CXX object CMakeFiles/ldlidar_stl_ros2_node.dir/src/demo.cpp.o[0m
[1.116s] [ 37%] [32mBuilding CXX object CMakeFiles/ldlidar_stl_ros2_node.dir/ldlidar_driver/src/core/ldlidar_driver.cpp.o[0m
[1.117s] [ 37%] [32mBuilding CXX object CMakeFiles/ldlidar_stl_ros2_node.dir/ldlidar_driver/src/filter/tofbf.cpp.o[0m
[1.117s] [ 62%] [32mBuilding CXX object CMakeFiles/ldlidar_stl_ros2_node.dir/ldlidar_driver/src/dataprocess/lipkg.cpp.o[0m
[1.117s] [ 62%] [32mBuilding CXX object CMakeFiles/ldlidar_stl_ros2_node.dir/ldlidar_driver/src/logger/log_module.cpp.o[0m
[1.117s] [ 75%] [32mBuilding CXX object CMakeFiles/ldlidar_stl_ros2_node.dir/ldlidar_driver/src/networkcom/network_socket_interface_linux.cpp.o[0m
[1.740s] [ 87%] [32mBuilding CXX object CMakeFiles/ldlidar_stl_ros2_node.dir/ldlidar_driver/src/serialcom/serial_interface_linux.cpp.o[0m
[10.199s] [100%] [32m[1mLinking CXX executable ldlidar_stl_ros2_node[0m
[10.620s] [100%] Built target ldlidar_stl_ros2_node
[10.645s] Invoked command in '/home/laheckaf/ros2_ws/build/ldlidar_stl_ros2' returned '0': CMAKE_PREFIX_PATH=${CMAKE_PREFIX_PATH}:/home/laheckaf/ros2_ws/install/jetson_detection:/opt/ros/humble /usr/bin/cmake --build /home/laheckaf/ros2_ws/build/ldlidar_stl_ros2 -- -j6 -l6
[10.669s] Invoking command in '/home/laheckaf/ros2_ws/build/ldlidar_stl_ros2': CMAKE_PREFIX_PATH=${CMAKE_PREFIX_PATH}:/home/laheckaf/ros2_ws/install/jetson_detection:/opt/ros/humble /usr/bin/cmake --install /home/laheckaf/ros2_ws/build/ldlidar_stl_ros2
[10.686s] -- Install configuration: ""
[10.686s] -- Installing: /home/laheckaf/ros2_ws/install/ldlidar_stl_ros2/lib/ldlidar_stl_ros2/ldlidar_stl_ros2_node
[10.690s] -- Set runtime path of "/home/laheckaf/ros2_ws/install/ldlidar_stl_ros2/lib/ldlidar_stl_ros2/ldlidar_stl_ros2_node" to ""
[10.690s] -- Up-to-date: /home/laheckaf/ros2_ws/install/ldlidar_stl_ros2/share/ldlidar_stl_ros2//launch
[10.691s] -- Installing: /home/laheckaf/ros2_ws/install/ldlidar_stl_ros2/share/ldlidar_stl_ros2//launch/ld06.launch.py
[10.691s] -- Installing: /home/laheckaf/ros2_ws/install/ldlidar_stl_ros2/share/ldlidar_stl_ros2//launch/viewer_ld19.launch.py
[10.691s] -- Installing: /home/laheckaf/ros2_ws/install/ldlidar_stl_ros2/share/ldlidar_stl_ros2//launch/viewer_stl27l.launch.py
[10.691s] -- Installing: /home/laheckaf/ros2_ws/install/ldlidar_stl_ros2/share/ldlidar_stl_ros2//launch/viewer_ld06.launch.py
[10.692s] -- Installing: /home/laheckaf/ros2_ws/install/ldlidar_stl_ros2/share/ldlidar_stl_ros2//launch/stl27l.launch.py
[10.692s] -- Installing: /home/laheckaf/ros2_ws/install/ldlidar_stl_ros2/share/ldlidar_stl_ros2//launch/ld19.launch.py
[10.692s] -- Up-to-date: /home/laheckaf/ros2_ws/install/ldlidar_stl_ros2/share/ldlidar_stl_ros2//rviz2
[10.692s] -- Installing: /home/laheckaf/ros2_ws/install/ldlidar_stl_ros2/share/ldlidar_stl_ros2//rviz2/ldlidar.rviz
[10.693s] -- Up-to-date: /home/laheckaf/ros2_ws/install/ldlidar_stl_ros2/share/ament_index/resource_index/package_run_dependencies/ldlidar_stl_ros2
[10.693s] -- Installing: /home/laheckaf/ros2_ws/install/ldlidar_stl_ros2/share/ament_index/resource_index/parent_prefix_path/ldlidar_stl_ros2
[10.693s] -- Up-to-date: /home/laheckaf/ros2_ws/install/ldlidar_stl_ros2/share/ldlidar_stl_ros2/environment/ament_prefix_path.sh
[10.693s] -- Installing: /home/laheckaf/ros2_ws/install/ldlidar_stl_ros2/share/ldlidar_stl_ros2/environment/ament_prefix_path.dsv
[10.693s] -- Up-to-date: /home/laheckaf/ros2_ws/install/ldlidar_stl_ros2/share/ldlidar_stl_ros2/environment/path.sh
[10.694s] -- Installing: /home/laheckaf/ros2_ws/install/ldlidar_stl_ros2/share/ldlidar_stl_ros2/environment/path.dsv
[10.694s] -- Up-to-date: /home/laheckaf/ros2_ws/install/ldlidar_stl_ros2/share/ldlidar_stl_ros2/local_setup.bash
[10.694s] -- Up-to-date: /home/laheckaf/ros2_ws/install/ldlidar_stl_ros2/share/ldlidar_stl_ros2/local_setup.sh
[10.694s] -- Up-to-date: /home/laheckaf/ros2_ws/install/ldlidar_stl_ros2/share/ldlidar_stl_ros2/local_setup.zsh
[10.694s] -- Installing: /home/laheckaf/ros2_ws/install/ldlidar_stl_ros2/share/ldlidar_stl_ros2/local_setup.dsv
[10.695s] -- Installing: /home/laheckaf/ros2_ws/install/ldlidar_stl_ros2/share/ldlidar_stl_ros2/package.dsv
[10.695s] -- Up-to-date: /home/laheckaf/ros2_ws/install/ldlidar_stl_ros2/share/ament_index/resource_index/packages/ldlidar_stl_ros2
[10.695s] -- Up-to-date: /home/laheckaf/ros2_ws/install/ldlidar_stl_ros2/share/ldlidar_stl_ros2/cmake/ldlidar_stl_ros2Config.cmake
[10.695s] -- Up-to-date: /home/laheckaf/ros2_ws/install/ldlidar_stl_ros2/share/ldlidar_stl_ros2/cmake/ldlidar_stl_ros2Config-version.cmake
[10.696s] -- Installing: /home/laheckaf/ros2_ws/install/ldlidar_stl_ros2/share/ldlidar_stl_ros2/package.xml
[10.700s] Invoked command in '/home/laheckaf/ros2_ws/build/ldlidar_stl_ros2' returned '0': CMAKE_PREFIX_PATH=${CMAKE_PREFIX_PATH}:/home/laheckaf/ros2_ws/install/jetson_detection:/opt/ros/humble /usr/bin/cmake --install /home/laheckaf/ros2_ws/build/ldlidar_stl_ros2
